[2026-07-02 00:00:01] [INFO] ✅ HTTP respondendo (200)
[2026-07-02 00:00:01] [WARN] ⚠️ WhatsApp: Aguardando leitura de QR Code (acesse /api/qrcode para escanear)
[2026-07-02 00:00:01] [INFO] ✅ Chrome: 251MB (PID 1100370)
[2026-07-02 00:00:01] [INFO] ✅ Disco: 84% usado
[2026-07-02 00:00:01] [WARN] Falha no grupo, tentando fallback...
[2026-07-02 00:00:01] [ERRO] FALHA CRÍTICA: não foi possível enviar notificação
[2026-07-02 01:00:01] [INFO] ✅ HTTP respondendo (200)
[2026-07-02 01:00:01] [WARN] ⚠️ WhatsApp: Aguardando leitura de QR Code (acesse /api/qrcode para escanear)
[2026-07-02 01:00:01] [INFO] ✅ Chrome: 255MB (PID 1100370)
[2026-07-02 01:00:01] [INFO] ✅ Disco: 84% usado
[2026-07-02 01:00:01] [WARN] Falha no grupo, tentando fallback...
[2026-07-02 01:00:01] [ERRO] FALHA CRÍTICA: não foi possível enviar notificação
[2026-07-02 02:00:01] [INFO] ✅ HTTP respondendo (200)
[2026-07-02 02:00:01] [WARN] ⚠️ WhatsApp: Aguardando leitura de QR Code (acesse /api/qrcode para escanear)
[2026-07-02 02:00:02] [INFO] ✅ Chrome: 258MB (PID 1100370)
[2026-07-02 02:00:02] [INFO] ✅ Disco: 84% usado
[2026-07-02 02:00:02] [WARN] Falha no grupo, tentando fallback...
[2026-07-02 02:00:02] [ERRO] FALHA CRÍTICA: não foi possível enviar notificação
[2026-07-02 03:00:02] [INFO] ✅ HTTP respondendo (200)
[2026-07-02 03:00:02] [WARN] ⚠️ WhatsApp: Aguardando leitura de QR Code (acesse /api/qrcode para escanear)
[2026-07-02 03:00:02] [INFO] ✅ Chrome: 258MB (PID 1100370)
[2026-07-02 03:00:02] [INFO] ✅ Disco: 84% usado
[2026-07-02 03:00:02] [WARN] Falha no grupo, tentando fallback...
[2026-07-02 03:00:02] [ERRO] FALHA CRÍTICA: não foi possível enviar notificação
[2026-07-02 04:00:01] [INFO] ✅ HTTP respondendo (200)
[2026-07-02 04:00:01] [WARN] ⚠️ WhatsApp: Aguardando leitura de QR Code (acesse /api/qrcode para escanear)
[2026-07-02 04:00:01] [INFO] ✅ Chrome: 260MB (PID 1100370)
[2026-07-02 04:00:01] [INFO] ✅ Disco: 84% usado
[2026-07-02 04:00:01] [WARN] Falha no grupo, tentando fallback...
[2026-07-02 04:00:01] [ERRO] FALHA CRÍTICA: não foi possível enviar notificação
[2026-07-02 05:00:01] [INFO] ✅ HTTP respondendo (200)
[2026-07-02 05:00:01] [WARN] ⚠️ WhatsApp: Aguardando leitura de QR Code (acesse /api/qrcode para escanear)
[2026-07-02 05:00:02] [INFO] ✅ Chrome: 263MB (PID 1100370)
[2026-07-02 05:00:02] [INFO] ✅ Disco: 84% usado
[2026-07-02 05:00:02] [WARN] Falha no grupo, tentando fallback...
[2026-07-02 05:00:02] [ERRO] FALHA CRÍTICA: não foi possível enviar notificação
[2026-07-02 06:00:02] [INFO] ✅ HTTP respondendo (200)
[2026-07-02 06:00:02] [WARN] ⚠️ WhatsApp: Aguardando leitura de QR Code (acesse /api/qrcode para escanear)
[2026-07-02 06:00:02] [INFO] ✅ Chrome: 264MB (PID 1100370)
[2026-07-02 06:00:02] [INFO] ✅ Disco: 84% usado
[2026-07-02 06:00:02] [WARN] Falha no grupo, tentando fallback...
[2026-07-02 06:00:02] [ERRO] FALHA CRÍTICA: não foi possível enviar notificação
[2026-07-02 07:00:01] [INFO] ✅ HTTP respondendo (200)
[2026-07-02 07:00:02] [WARN] ⚠️ WhatsApp: Aguardando leitura de QR Code (acesse /api/qrcode para escanear)
[2026-07-02 07:00:02] [INFO] ✅ Chrome: 268MB (PID 1100370)
[2026-07-02 07:00:02] [INFO] ✅ Disco: 85% usado
[2026-07-02 07:00:02] [WARN] Falha no grupo, tentando fallback...
[2026-07-02 07:00:02] [ERRO] FALHA CRÍTICA: não foi possível enviar notificação
[2026-07-02 08:00:01] [INFO] ✅ HTTP respondendo (200)
[2026-07-02 08:00:01] [WARN] ⚠️ WhatsApp: Aguardando leitura de QR Code (acesse /api/qrcode para escanear)
[2026-07-02 08:00:01] [INFO] ✅ Chrome: 273MB (PID 1100370)
[2026-07-02 08:00:01] [INFO] ✅ Disco: 85% usado
[2026-07-02 08:00:02] [WARN] Falha no grupo, tentando fallback...
[2026-07-02 08:00:02] [ERRO] FALHA CRÍTICA: não foi possível enviar notificação
[2026-07-02 09:00:01] [INFO] ✅ HTTP respondendo (200)
[2026-07-02 09:00:01] [WARN] ⚠️ WhatsApp: Aguardando leitura de QR Code (acesse /api/qrcode para escanear)
[2026-07-02 09:00:01] [INFO] ✅ Chrome: 273MB (PID 1100370)
[2026-07-02 09:00:01] [INFO] ✅ Disco: 85% usado
[2026-07-02 09:00:01] [WARN] Falha no grupo, tentando fallback...
[2026-07-02 09:00:01] [ERRO] FALHA CRÍTICA: não foi possível enviar notificação
[2026-07-02 10:00:01] [INFO] ✅ HTTP respondendo (200)
[2026-07-02 10:00:02] [WARN] ⚠️ WhatsApp: Aguardando leitura de QR Code (acesse /api/qrcode para escanear)
[2026-07-02 10:00:02] [INFO] ✅ Chrome: 274MB (PID 1100370)
[2026-07-02 10:00:02] [INFO] ✅ Disco: 85% usado
[2026-07-02 10:00:02] [WARN] Falha no grupo, tentando fallback...
[2026-07-02 10:00:02] [ERRO] FALHA CRÍTICA: não foi possível enviar notificação
[2026-07-02 11:00:01] [INFO] ✅ HTTP respondendo (200)
[2026-07-02 11:00:01] [WARN] ⚠️ WhatsApp: Aguardando leitura de QR Code (acesse /api/qrcode para escanear)
[2026-07-02 11:00:01] [INFO] ✅ Chrome: 278MB (PID 1100370)
[2026-07-02 11:00:01] [INFO] ✅ Disco: 85% usado
[2026-07-02 11:00:02] [WARN] Falha no grupo, tentando fallback...
[2026-07-02 11:00:02] [ERRO] FALHA CRÍTICA: não foi possível enviar notificação
[2026-07-02 12:00:01] [INFO] ✅ HTTP respondendo (200)
[2026-07-02 12:00:01] [WARN] ⚠️ WhatsApp: Aguardando leitura de QR Code (acesse /api/qrcode para escanear)
[2026-07-02 12:00:01] [INFO] ✅ Chrome: 282MB (PID 1100370)
[2026-07-02 12:00:01] [INFO] ✅ Disco: 85% usado
[2026-07-02 12:00:01] [WARN] Falha no grupo, tentando fallback...
[2026-07-02 12:00:01] [ERRO] FALHA CRÍTICA: não foi possível enviar notificação
[2026-07-02 13:00:01] [INFO] ✅ HTTP respondendo (200)
[2026-07-02 13:00:01] [WARN] ⚠️ WhatsApp: Aguardando leitura de QR Code (acesse /api/qrcode para escanear)
[2026-07-02 13:00:01] [INFO] ✅ Chrome: 284MB (PID 1100370)
[2026-07-02 13:00:01] [INFO] ✅ Disco: 85% usado
[2026-07-02 13:00:02] [WARN] Falha no grupo, tentando fallback...
[2026-07-02 13:00:02] [ERRO] FALHA CRÍTICA: não foi possível enviar notificação
[2026-07-02 14:00:02] [INFO] ✅ HTTP respondendo (200)
[2026-07-02 14:00:02] [WARN] ⚠️ WhatsApp: Aguardando leitura de QR Code (acesse /api/qrcode para escanear)
[2026-07-02 14:00:02] [INFO] ✅ Chrome: 285MB (PID 1100370)
[2026-07-02 14:00:02] [INFO] ✅ Disco: 85% usado
[2026-07-02 14:00:02] [WARN] Falha no grupo, tentando fallback...
[2026-07-02 14:00:02] [ERRO] FALHA CRÍTICA: não foi possível enviar notificação
[2026-07-02 15:00:01] [INFO] ✅ HTTP respondendo (200)
[2026-07-02 15:00:01] [WARN] ⚠️ WhatsApp: Aguardando leitura de QR Code (acesse /api/qrcode para escanear)
[2026-07-02 15:00:01] [INFO] ✅ Chrome: 287MB (PID 1100370)
[2026-07-02 15:00:01] [INFO] ✅ Disco: 85% usado
[2026-07-02 15:00:01] [WARN] Falha no grupo, tentando fallback...
[2026-07-02 15:00:01] [ERRO] FALHA CRÍTICA: não foi possível enviar notificação
