[2026-06-26 00:00:01] [INFO] ✅ HTTP respondendo (200)
[2026-06-26 00:00:01] [WARN] ⚠️ WhatsApp: Aguardando leitura de QR Code (acesse /api/qrcode para escanear)
[2026-06-26 00:00:01] [INFO] ✅ Chrome: 368MB (PID 3816214)
[2026-06-26 00:00:01] [INFO] ✅ Disco: 74% usado
[2026-06-26 00:00:03] [INFO] Notificação enviada para grupo Server_notification
[2026-06-26 01:00:01] [INFO] ✅ HTTP respondendo (200)
[2026-06-26 01:00:01] [WARN] ⚠️ WhatsApp: Aguardando leitura de QR Code (acesse /api/qrcode para escanear)
[2026-06-26 01:00:01] [INFO] ✅ Chrome: 368MB (PID 3816214)
[2026-06-26 01:00:01] [INFO] ✅ Disco: 75% usado
[2026-06-26 01:00:03] [INFO] Notificação enviada para grupo Server_notification
[2026-06-26 02:00:01] [INFO] ✅ HTTP respondendo (200)
[2026-06-26 02:00:02] [WARN] ⚠️ WhatsApp: Aguardando leitura de QR Code (acesse /api/qrcode para escanear)
[2026-06-26 02:00:02] [INFO] ✅ Chrome: 370MB (PID 3816214)
[2026-06-26 02:00:02] [INFO] ✅ Disco: 76% usado
[2026-06-26 02:00:03] [INFO] Notificação enviada para grupo Server_notification
[2026-06-26 03:00:01] [INFO] ✅ HTTP respondendo (200)
[2026-06-26 03:00:01] [WARN] ⚠️ WhatsApp: Aguardando leitura de QR Code (acesse /api/qrcode para escanear)
[2026-06-26 03:00:02] [INFO] ✅ Chrome: 373MB (PID 3816214)
[2026-06-26 03:00:02] [INFO] ✅ Disco: 77% usado
[2026-06-26 03:00:02] [INFO] Notificação enviada para grupo Server_notification
[2026-06-26 04:00:01] [INFO] ✅ HTTP respondendo (200)
[2026-06-26 04:00:01] [WARN] ⚠️ WhatsApp: Aguardando leitura de QR Code (acesse /api/qrcode para escanear)
[2026-06-26 04:00:02] [INFO] ✅ Chrome: 376MB (PID 3816214)
[2026-06-26 04:00:02] [INFO] ✅ Disco: 76% usado
[2026-06-26 04:00:03] [INFO] Notificação enviada para grupo Server_notification
[2026-06-26 05:00:01] [INFO] ✅ HTTP respondendo (200)
[2026-06-26 05:00:02] [WARN] ⚠️ WhatsApp: Aguardando leitura de QR Code (acesse /api/qrcode para escanear)
[2026-06-26 05:00:02] [INFO] ✅ Chrome: 374MB (PID 3816214)
[2026-06-26 05:00:02] [INFO] ✅ Disco: 79% usado
[2026-06-26 05:00:03] [INFO] Notificação enviada para grupo Server_notification
[2026-06-26 06:00:01] [INFO] ✅ HTTP respondendo (200)
[2026-06-26 06:00:01] [WARN] ⚠️ WhatsApp: Aguardando leitura de QR Code (acesse /api/qrcode para escanear)
[2026-06-26 06:00:01] [INFO] ✅ Chrome: 376MB (PID 3816214)
[2026-06-26 06:00:01] [INFO] ✅ Disco: 79% usado
[2026-06-26 06:00:02] [INFO] Notificação enviada para grupo Server_notification
[2026-06-26 07:00:01] [INFO] ✅ HTTP respondendo (200)
[2026-06-26 07:00:01] [WARN] ⚠️ WhatsApp: Aguardando leitura de QR Code (acesse /api/qrcode para escanear)
[2026-06-26 07:00:01] [INFO] ✅ Chrome: 376MB (PID 3816214)
[2026-06-26 07:00:01] [INFO] ✅ Disco: 79% usado
[2026-06-26 07:00:02] [INFO] Notificação enviada para grupo Server_notification
[2026-06-26 08:00:01] [INFO] ✅ HTTP respondendo (200)
[2026-06-26 08:00:01] [WARN] ⚠️ WhatsApp: Aguardando leitura de QR Code (acesse /api/qrcode para escanear)
[2026-06-26 08:00:02] [INFO] ✅ Chrome: 380MB (PID 3816214)
[2026-06-26 08:00:02] [INFO] ✅ Disco: 79% usado
[2026-06-26 08:00:02] [INFO] Notificação enviada para grupo Server_notification
[2026-06-26 09:00:01] [INFO] ✅ HTTP respondendo (200)
[2026-06-26 09:00:02] [WARN] ⚠️ WhatsApp: Aguardando leitura de QR Code (acesse /api/qrcode para escanear)
[2026-06-26 09:00:02] [INFO] ✅ Chrome: 393MB (PID 3816214)
[2026-06-26 09:00:02] [INFO] ✅ Disco: 79% usado
[2026-06-26 09:00:03] [INFO] Notificação enviada para grupo Server_notification
[2026-06-26 10:00:01] [INFO] ✅ HTTP respondendo (200)
[2026-06-26 10:00:01] [WARN] ⚠️ WhatsApp: Aguardando leitura de QR Code (acesse /api/qrcode para escanear)
[2026-06-26 10:00:01] [INFO] ✅ Chrome: 389MB (PID 3816214)
[2026-06-26 10:00:01] [INFO] ✅ Disco: 79% usado
[2026-06-26 10:00:02] [INFO] Notificação enviada para grupo Server_notification
[2026-06-26 11:00:01] [INFO] ✅ HTTP respondendo (200)
[2026-06-26 11:00:01] [WARN] ⚠️ WhatsApp: Aguardando leitura de QR Code (acesse /api/qrcode para escanear)
[2026-06-26 11:00:02] [INFO] ✅ Chrome: 387MB (PID 3816214)
[2026-06-26 11:00:02] [INFO] ✅ Disco: 79% usado
[2026-06-26 11:00:02] [INFO] Notificação enviada para grupo Server_notification
[2026-06-26 12:00:01] [INFO] ✅ HTTP respondendo (200)
[2026-06-26 12:00:01] [WARN] ⚠️ WhatsApp: Aguardando leitura de QR Code (acesse /api/qrcode para escanear)
[2026-06-26 12:00:01] [INFO] ✅ Chrome: 391MB (PID 3816214)
[2026-06-26 12:00:01] [INFO] ✅ Disco: 79% usado
[2026-06-26 12:00:02] [INFO] Notificação enviada para grupo Server_notification
[2026-06-26 13:00:01] [INFO] ✅ HTTP respondendo (200)
[2026-06-26 13:00:02] [WARN] ⚠️ WhatsApp: Aguardando leitura de QR Code (acesse /api/qrcode para escanear)
[2026-06-26 13:00:02] [INFO] ✅ Chrome: 393MB (PID 3816214)
[2026-06-26 13:00:02] [INFO] ✅ Disco: 79% usado
[2026-06-26 13:00:03] [INFO] Notificação enviada para grupo Server_notification
[2026-06-26 14:00:01] [INFO] ✅ HTTP respondendo (200)
[2026-06-26 14:00:02] [WARN] ⚠️ WhatsApp: Aguardando leitura de QR Code (acesse /api/qrcode para escanear)
[2026-06-26 14:00:02] [INFO] ✅ Chrome: 361MB (PID 3816214)
[2026-06-26 14:00:02] [INFO] ✅ Disco: 79% usado
[2026-06-26 14:00:03] [INFO] Notificação enviada para grupo Server_notification
[2026-06-26 15:00:01] [INFO] ✅ HTTP respondendo (200)
[2026-06-26 15:00:01] [WARN] ⚠️ WhatsApp: Aguardando leitura de QR Code (acesse /api/qrcode para escanear)
[2026-06-26 15:00:02] [INFO] ✅ Chrome: 380MB (PID 3816214)
[2026-06-26 15:00:02] [INFO] ✅ Disco: 80% usado
[2026-06-26 15:00:02] [INFO] Notificação enviada para grupo Server_notification
[2026-06-26 16:00:01] [INFO] ✅ HTTP respondendo (200)
[2026-06-26 16:00:01] [WARN] ⚠️ WhatsApp: Aguardando leitura de QR Code (acesse /api/qrcode para escanear)
[2026-06-26 16:00:01] [INFO] ✅ Chrome: 400MB (PID 3816214)
[2026-06-26 16:00:01] [INFO] ✅ Disco: 80% usado
[2026-06-26 16:00:02] [INFO] Notificação enviada para grupo Server_notification
[2026-06-26 17:00:01] [INFO] ✅ HTTP respondendo (200)
[2026-06-26 17:00:01] [WARN] ⚠️ WhatsApp: Aguardando leitura de QR Code (acesse /api/qrcode para escanear)
[2026-06-26 17:00:01] [INFO] ✅ Chrome: 402MB (PID 3816214)
[2026-06-26 17:00:01] [INFO] ✅ Disco: 80% usado
[2026-06-26 17:00:02] [INFO] Notificação enviada para grupo Server_notification
[2026-06-26 18:00:01] [INFO] ✅ HTTP respondendo (200)
[2026-06-26 18:00:02] [WARN] ⚠️ WhatsApp: Aguardando leitura de QR Code (acesse /api/qrcode para escanear)
[2026-06-26 18:00:02] [INFO] ✅ Chrome: 406MB (PID 3816214)
[2026-06-26 18:00:02] [INFO] ✅ Disco: 80% usado
[2026-06-26 18:00:03] [INFO] Notificação enviada para grupo Server_notification
[2026-06-26 19:00:01] [INFO] ✅ HTTP respondendo (200)
[2026-06-26 19:00:01] [WARN] ⚠️ WhatsApp: Aguardando leitura de QR Code (acesse /api/qrcode para escanear)
[2026-06-26 19:00:01] [INFO] ✅ Chrome: 409MB (PID 3816214)
[2026-06-26 19:00:01] [INFO] ✅ Disco: 81% usado
[2026-06-26 19:00:02] [INFO] Notificação enviada para grupo Server_notification
[2026-06-26 20:00:01] [INFO] ✅ HTTP respondendo (200)
[2026-06-26 20:00:01] [WARN] ⚠️ WhatsApp: Aguardando leitura de QR Code (acesse /api/qrcode para escanear)
[2026-06-26 20:00:01] [INFO] ✅ Chrome: 410MB (PID 3816214)
[2026-06-26 20:00:01] [INFO] ✅ Disco: 81% usado
[2026-06-26 20:00:03] [INFO] Notificação enviada para grupo Server_notification
[2026-06-26 21:00:01] [INFO] ✅ HTTP respondendo (200)
[2026-06-26 21:00:02] [WARN] ⚠️ WhatsApp: Aguardando leitura de QR Code (acesse /api/qrcode para escanear)
[2026-06-26 21:00:02] [INFO] ✅ Chrome: 409MB (PID 3816214)
[2026-06-26 21:00:02] [INFO] ✅ Disco: 81% usado
[2026-06-26 21:00:04] [INFO] Notificação enviada para grupo Server_notification
[2026-06-26 22:00:01] [INFO] ✅ HTTP respondendo (200)
[2026-06-26 22:00:01] [WARN] ⚠️ WhatsApp: Aguardando leitura de QR Code (acesse /api/qrcode para escanear)
[2026-06-26 22:00:01] [INFO] ✅ Chrome: 411MB (PID 3816214)
[2026-06-26 22:00:01] [INFO] ✅ Disco: 81% usado
[2026-06-26 22:00:03] [INFO] Notificação enviada para grupo Server_notification
[2026-06-26 23:00:02] [INFO] ✅ HTTP respondendo (200)
[2026-06-26 23:00:02] [WARN] ⚠️ WhatsApp: Aguardando leitura de QR Code (acesse /api/qrcode para escanear)
[2026-06-26 23:00:02] [INFO] ✅ Chrome: 416MB (PID 3816214)
[2026-06-26 23:00:02] [INFO] ✅ Disco: 81% usado
[2026-06-26 23:00:04] [INFO] Notificação enviada para grupo Server_notification
