[2026-06-24 00:00:01] [INFO] ✅ HTTP respondendo (200)
[2026-06-24 00:00:01] [WARN] ⚠️ WhatsApp: Aguardando leitura de QR Code (acesse /api/qrcode para escanear)
[2026-06-24 00:00:02] [INFO] ✅ Chrome: 248MB (PID 3816214)
[2026-06-24 00:00:02] [INFO] ✅ Disco: 67% usado
[2026-06-24 00:00:03] [INFO] Notificação enviada para grupo Server_notification
[2026-06-24 01:00:01] [INFO] ✅ HTTP respondendo (200)
[2026-06-24 01:00:01] [WARN] ⚠️ WhatsApp: Aguardando leitura de QR Code (acesse /api/qrcode para escanear)
[2026-06-24 01:00:01] [INFO] ✅ Chrome: 251MB (PID 3816214)
[2026-06-24 01:00:01] [INFO] ✅ Disco: 67% usado
[2026-06-24 01:00:02] [INFO] Notificação enviada para grupo Server_notification
[2026-06-24 02:00:01] [INFO] ✅ HTTP respondendo (200)
[2026-06-24 02:00:01] [WARN] ⚠️ WhatsApp: Aguardando leitura de QR Code (acesse /api/qrcode para escanear)
[2026-06-24 02:00:01] [INFO] ✅ Chrome: 255MB (PID 3816214)
[2026-06-24 02:00:01] [INFO] ✅ Disco: 67% usado
[2026-06-24 02:00:02] [INFO] Notificação enviada para grupo Server_notification
[2026-06-24 03:00:01] [INFO] ✅ HTTP respondendo (200)
[2026-06-24 03:00:01] [WARN] ⚠️ WhatsApp: Aguardando leitura de QR Code (acesse /api/qrcode para escanear)
[2026-06-24 03:00:01] [INFO] ✅ Chrome: 259MB (PID 3816214)
[2026-06-24 03:00:01] [INFO] ✅ Disco: 67% usado
[2026-06-24 03:00:02] [INFO] Notificação enviada para grupo Server_notification
[2026-06-24 04:00:01] [INFO] ✅ HTTP respondendo (200)
[2026-06-24 04:00:01] [WARN] ⚠️ WhatsApp: Aguardando leitura de QR Code (acesse /api/qrcode para escanear)
[2026-06-24 04:00:01] [INFO] ✅ Chrome: 259MB (PID 3816214)
[2026-06-24 04:00:01] [INFO] ✅ Disco: 67% usado
[2026-06-24 04:00:02] [INFO] Notificação enviada para grupo Server_notification
[2026-06-24 05:00:01] [INFO] ✅ HTTP respondendo (200)
[2026-06-24 05:00:01] [WARN] ⚠️ WhatsApp: Aguardando leitura de QR Code (acesse /api/qrcode para escanear)
[2026-06-24 05:00:02] [INFO] ✅ Chrome: 262MB (PID 3816214)
[2026-06-24 05:00:02] [INFO] ✅ Disco: 67% usado
[2026-06-24 05:00:03] [INFO] Notificação enviada para grupo Server_notification
[2026-06-24 06:00:01] [INFO] ✅ HTTP respondendo (200)
[2026-06-24 06:00:01] [WARN] ⚠️ WhatsApp: Aguardando leitura de QR Code (acesse /api/qrcode para escanear)
[2026-06-24 06:00:02] [INFO] ✅ Chrome: 263MB (PID 3816214)
[2026-06-24 06:00:02] [INFO] ✅ Disco: 67% usado
[2026-06-24 06:00:02] [INFO] Notificação enviada para grupo Server_notification
[2026-06-24 07:00:01] [INFO] ✅ HTTP respondendo (200)
[2026-06-24 07:00:02] [WARN] ⚠️ WhatsApp: Aguardando leitura de QR Code (acesse /api/qrcode para escanear)
[2026-06-24 07:00:02] [INFO] ✅ Chrome: 266MB (PID 3816214)
[2026-06-24 07:00:02] [INFO] ✅ Disco: 67% usado
[2026-06-24 07:00:03] [INFO] Notificação enviada para grupo Server_notification
[2026-06-24 08:00:01] [INFO] ✅ HTTP respondendo (200)
[2026-06-24 08:00:01] [WARN] ⚠️ WhatsApp: Aguardando leitura de QR Code (acesse /api/qrcode para escanear)
[2026-06-24 08:00:02] [INFO] ✅ Chrome: 273MB (PID 3816214)
[2026-06-24 08:00:02] [INFO] ✅ Disco: 67% usado
[2026-06-24 08:00:02] [INFO] Notificação enviada para grupo Server_notification
[2026-06-24 09:00:01] [INFO] ✅ HTTP respondendo (200)
[2026-06-24 09:00:01] [WARN] ⚠️ WhatsApp: Aguardando leitura de QR Code (acesse /api/qrcode para escanear)
[2026-06-24 09:00:01] [INFO] ✅ Chrome: 273MB (PID 3816214)
[2026-06-24 09:00:01] [INFO] ✅ Disco: 67% usado
[2026-06-24 09:00:02] [INFO] Notificação enviada para grupo Server_notification
[2026-06-24 10:00:01] [INFO] ✅ HTTP respondendo (200)
[2026-06-24 10:00:02] [WARN] ⚠️ WhatsApp: Aguardando leitura de QR Code (acesse /api/qrcode para escanear)
[2026-06-24 10:00:02] [INFO] ✅ Chrome: 273MB (PID 3816214)
[2026-06-24 10:00:02] [INFO] ✅ Disco: 67% usado
[2026-06-24 10:00:03] [INFO] Notificação enviada para grupo Server_notification
[2026-06-24 11:00:01] [INFO] ✅ HTTP respondendo (200)
[2026-06-24 11:00:01] [WARN] ⚠️ WhatsApp: Aguardando leitura de QR Code (acesse /api/qrcode para escanear)
[2026-06-24 11:00:02] [INFO] ✅ Chrome: 276MB (PID 3816214)
[2026-06-24 11:00:02] [INFO] ✅ Disco: 67% usado
[2026-06-24 11:00:02] [INFO] Notificação enviada para grupo Server_notification
[2026-06-24 12:00:01] [INFO] ✅ HTTP respondendo (200)
[2026-06-24 12:00:01] [WARN] ⚠️ WhatsApp: Aguardando leitura de QR Code (acesse /api/qrcode para escanear)
[2026-06-24 12:00:01] [INFO] ✅ Chrome: 280MB (PID 3816214)
[2026-06-24 12:00:01] [INFO] ✅ Disco: 67% usado
[2026-06-24 12:00:02] [INFO] Notificação enviada para grupo Server_notification
[2026-06-24 13:00:01] [INFO] ✅ HTTP respondendo (200)
[2026-06-24 13:00:01] [WARN] ⚠️ WhatsApp: Aguardando leitura de QR Code (acesse /api/qrcode para escanear)
[2026-06-24 13:00:01] [INFO] ✅ Chrome: 281MB (PID 3816214)
[2026-06-24 13:00:01] [INFO] ✅ Disco: 68% usado
[2026-06-24 13:00:02] [INFO] Notificação enviada para grupo Server_notification
[2026-06-24 14:00:01] [INFO] ✅ HTTP respondendo (200)
[2026-06-24 14:00:01] [WARN] ⚠️ WhatsApp: Aguardando leitura de QR Code (acesse /api/qrcode para escanear)
[2026-06-24 14:00:02] [INFO] ✅ Chrome: 283MB (PID 3816214)
[2026-06-24 14:00:02] [INFO] ✅ Disco: 68% usado
[2026-06-24 14:00:03] [INFO] Notificação enviada para grupo Server_notification
[2026-06-24 15:00:01] [INFO] ✅ HTTP respondendo (200)
[2026-06-24 15:00:02] [WARN] ⚠️ WhatsApp: Aguardando leitura de QR Code (acesse /api/qrcode para escanear)
[2026-06-24 15:00:02] [INFO] ✅ Chrome: 283MB (PID 3816214)
[2026-06-24 15:00:02] [INFO] ✅ Disco: 68% usado
[2026-06-24 15:00:03] [INFO] Notificação enviada para grupo Server_notification
[2026-06-24 16:00:01] [INFO] ✅ HTTP respondendo (200)
[2026-06-24 16:00:01] [WARN] ⚠️ WhatsApp: Aguardando leitura de QR Code (acesse /api/qrcode para escanear)
[2026-06-24 16:00:01] [INFO] ✅ Chrome: 287MB (PID 3816214)
[2026-06-24 16:00:01] [INFO] ✅ Disco: 68% usado
[2026-06-24 16:00:02] [INFO] Notificação enviada para grupo Server_notification
[2026-06-24 17:00:01] [INFO] ✅ HTTP respondendo (200)
[2026-06-24 17:00:02] [WARN] ⚠️ WhatsApp: Aguardando leitura de QR Code (acesse /api/qrcode para escanear)
[2026-06-24 17:00:02] [INFO] ✅ Chrome: 291MB (PID 3816214)
[2026-06-24 17:00:02] [INFO] ✅ Disco: 68% usado
[2026-06-24 17:00:03] [INFO] Notificação enviada para grupo Server_notification
[2026-06-24 18:00:01] [INFO] ✅ HTTP respondendo (200)
[2026-06-24 18:00:02] [WARN] ⚠️ WhatsApp: Aguardando leitura de QR Code (acesse /api/qrcode para escanear)
[2026-06-24 18:00:02] [INFO] ✅ Chrome: 292MB (PID 3816214)
[2026-06-24 18:00:02] [INFO] ✅ Disco: 68% usado
[2026-06-24 18:00:03] [INFO] Notificação enviada para grupo Server_notification
[2026-06-24 19:00:01] [INFO] ✅ HTTP respondendo (200)
[2026-06-24 19:00:01] [WARN] ⚠️ WhatsApp: Aguardando leitura de QR Code (acesse /api/qrcode para escanear)
[2026-06-24 19:00:01] [INFO] ✅ Chrome: 293MB (PID 3816214)
[2026-06-24 19:00:01] [INFO] ✅ Disco: 68% usado
[2026-06-24 19:00:03] [INFO] Notificação enviada para grupo Server_notification
[2026-06-24 20:00:01] [INFO] ✅ HTTP respondendo (200)
[2026-06-24 20:00:01] [WARN] ⚠️ WhatsApp: Aguardando leitura de QR Code (acesse /api/qrcode para escanear)
[2026-06-24 20:00:01] [INFO] ✅ Chrome: 298MB (PID 3816214)
[2026-06-24 20:00:01] [INFO] ✅ Disco: 68% usado
[2026-06-24 20:00:03] [INFO] Notificação enviada para grupo Server_notification
[2026-06-24 21:00:01] [INFO] ✅ HTTP respondendo (200)
[2026-06-24 21:00:01] [WARN] ⚠️ WhatsApp: Aguardando leitura de QR Code (acesse /api/qrcode para escanear)
[2026-06-24 21:00:01] [INFO] ✅ Chrome: 298MB (PID 3816214)
[2026-06-24 21:00:01] [INFO] ✅ Disco: 68% usado
[2026-06-24 21:00:03] [INFO] Notificação enviada para grupo Server_notification
[2026-06-24 22:00:01] [INFO] ✅ HTTP respondendo (200)
[2026-06-24 22:00:01] [WARN] ⚠️ WhatsApp: Aguardando leitura de QR Code (acesse /api/qrcode para escanear)
[2026-06-24 22:00:01] [INFO] ✅ Chrome: 302MB (PID 3816214)
[2026-06-24 22:00:01] [INFO] ✅ Disco: 68% usado
[2026-06-24 22:00:02] [INFO] Notificação enviada para grupo Server_notification
[2026-06-24 23:00:01] [INFO] ✅ HTTP respondendo (200)
[2026-06-24 23:00:01] [WARN] ⚠️ WhatsApp: Aguardando leitura de QR Code (acesse /api/qrcode para escanear)
[2026-06-24 23:00:01] [INFO] ✅ Chrome: 305MB (PID 3816214)
[2026-06-24 23:00:01] [INFO] ✅ Disco: 68% usado
[2026-06-24 23:00:02] [INFO] Notificação enviada para grupo Server_notification
