[2026-06-18 00:00:01] [ERRO] ❌ HTTP não respondeu (código: 307)
[2026-06-18 00:00:01] [INFO] ✅ WhatsApp: Conectado
[2026-06-18 00:00:01] [INFO] ✅ Chrome: 1579MB (PID 435916)
[2026-06-18 00:00:01] [INFO] ✅ Disco: 64% usado
[2026-06-18 00:00:02] [INFO] Notificação enviada para grupo Server_notification
[2026-06-18 01:00:01] [ERRO] ❌ HTTP não respondeu (código: 307)
[2026-06-18 01:00:01] [INFO] ✅ WhatsApp: Conectado
[2026-06-18 01:00:01] [INFO] ✅ Chrome: 1580MB (PID 435916)
[2026-06-18 01:00:01] [INFO] ✅ Disco: 64% usado
[2026-06-18 01:00:02] [INFO] Notificação enviada para grupo Server_notification
[2026-06-18 02:00:01] [ERRO] ❌ HTTP não respondeu (código: 307)
[2026-06-18 02:00:01] [INFO] ✅ WhatsApp: Conectado
[2026-06-18 02:00:01] [INFO] ✅ Chrome: 1581MB (PID 435916)
[2026-06-18 02:00:01] [INFO] ✅ Disco: 64% usado
[2026-06-18 02:00:03] [INFO] Notificação enviada para grupo Server_notification
[2026-06-18 03:00:01] [ERRO] ❌ HTTP não respondeu (código: 307)
[2026-06-18 03:00:01] [INFO] ✅ WhatsApp: Conectado
[2026-06-18 03:00:01] [INFO] ✅ Chrome: 1574MB (PID 435916)
[2026-06-18 03:00:01] [INFO] ✅ Disco: 64% usado
[2026-06-18 03:00:03] [INFO] Notificação enviada para grupo Server_notification
[2026-06-18 04:00:01] [ERRO] ❌ HTTP não respondeu (código: 307)
[2026-06-18 04:00:01] [INFO] ✅ WhatsApp: Conectado
[2026-06-18 04:00:02] [INFO] ✅ Chrome: 1575MB (PID 435916)
[2026-06-18 04:00:02] [INFO] ✅ Disco: 64% usado
[2026-06-18 04:00:03] [INFO] Notificação enviada para grupo Server_notification
[2026-06-18 05:00:01] [ERRO] ❌ HTTP não respondeu (código: 307)
[2026-06-18 05:00:01] [INFO] ✅ WhatsApp: Conectado
[2026-06-18 05:00:01] [INFO] ✅ Chrome: 1576MB (PID 435916)
[2026-06-18 05:00:01] [INFO] ✅ Disco: 64% usado
[2026-06-18 05:00:03] [INFO] Notificação enviada para grupo Server_notification
[2026-06-18 06:00:01] [ERRO] ❌ HTTP não respondeu (código: 307)
[2026-06-18 06:00:01] [INFO] ✅ WhatsApp: Conectado
[2026-06-18 06:00:01] [INFO] ✅ Chrome: 1573MB (PID 435916)
[2026-06-18 06:00:01] [INFO] ✅ Disco: 64% usado
[2026-06-18 06:00:03] [INFO] Notificação enviada para grupo Server_notification
[2026-06-18 07:00:01] [ERRO] ❌ HTTP não respondeu (código: 307)
[2026-06-18 07:00:01] [INFO] ✅ WhatsApp: Conectado
[2026-06-18 07:00:01] [INFO] ✅ Chrome: 332MB (PID 2636121)
[2026-06-18 07:00:01] [INFO] ✅ Disco: 64% usado
[2026-06-18 07:00:03] [INFO] Notificação enviada para grupo Server_notification
[2026-06-18 08:00:01] [ERRO] ❌ HTTP não respondeu (código: 307)
[2026-06-18 08:00:01] [INFO] ✅ WhatsApp: Conectado
[2026-06-18 08:00:01] [INFO] ✅ Chrome: 367MB (PID 2636121)
[2026-06-18 08:00:01] [INFO] ✅ Disco: 64% usado
[2026-06-18 08:00:03] [INFO] Notificação enviada para grupo Server_notification
[2026-06-18 09:00:01] [ERRO] ❌ HTTP não respondeu (código: 307)
[2026-06-18 09:00:01] [INFO] ✅ WhatsApp: Conectado
[2026-06-18 09:00:01] [INFO] ✅ Chrome: 364MB (PID 2636121)
[2026-06-18 09:00:01] [INFO] ✅ Disco: 64% usado
[2026-06-18 09:00:03] [INFO] Notificação enviada para grupo Server_notification
[2026-06-18 10:00:01] [ERRO] ❌ HTTP não respondeu (código: 307)
[2026-06-18 10:00:01] [INFO] ✅ WhatsApp: Conectado
[2026-06-18 10:00:01] [INFO] ✅ Chrome: 357MB (PID 2636121)
[2026-06-18 10:00:01] [INFO] ✅ Disco: 64% usado
[2026-06-18 10:00:03] [INFO] Notificação enviada para grupo Server_notification
[2026-06-18 11:00:01] [ERRO] ❌ HTTP não respondeu (código: 307)
[2026-06-18 11:00:01] [INFO] ✅ WhatsApp: Conectado
[2026-06-18 11:00:01] [INFO] ✅ Chrome: 369MB (PID 2636121)
[2026-06-18 11:00:01] [INFO] ✅ Disco: 64% usado
[2026-06-18 11:00:03] [INFO] Notificação enviada para grupo Server_notification
[2026-06-18 12:00:02] [ERRO] ❌ HTTP não respondeu (código: 307)
[2026-06-18 12:00:02] [INFO] ✅ WhatsApp: Conectado
[2026-06-18 12:00:02] [INFO] ✅ Chrome: 362MB (PID 2636121)
[2026-06-18 12:00:02] [INFO] ✅ Disco: 64% usado
[2026-06-18 12:00:04] [INFO] Notificação enviada para grupo Server_notification
[2026-06-18 13:00:01] [ERRO] ❌ HTTP não respondeu (código: 307)
[2026-06-18 13:00:01] [INFO] ✅ WhatsApp: Conectado
[2026-06-18 13:00:01] [INFO] ✅ Chrome: 366MB (PID 2636121)
[2026-06-18 13:00:01] [INFO] ✅ Disco: 64% usado
[2026-06-18 13:00:03] [INFO] Notificação enviada para grupo Server_notification
[2026-06-18 14:00:01] [ERRO] ❌ HTTP não respondeu (código: 307)
[2026-06-18 14:00:01] [INFO] ✅ WhatsApp: Conectado
[2026-06-18 14:00:02] [INFO] ✅ Chrome: 361MB (PID 2636121)
[2026-06-18 14:00:02] [INFO] ✅ Disco: 64% usado
[2026-06-18 14:00:03] [INFO] Notificação enviada para grupo Server_notification
[2026-06-18 15:00:01] [ERRO] ❌ HTTP não respondeu (código: 307)
[2026-06-18 15:00:01] [INFO] ✅ WhatsApp: Conectado
[2026-06-18 15:00:02] [INFO] ✅ Chrome: 365MB (PID 2636121)
[2026-06-18 15:00:02] [INFO] ✅ Disco: 65% usado
[2026-06-18 15:00:03] [INFO] Notificação enviada para grupo Server_notification
[2026-06-18 16:00:01] [ERRO] ❌ HTTP não respondeu (código: 307)
[2026-06-18 16:00:01] [INFO] ✅ WhatsApp: Conectado
[2026-06-18 16:00:01] [INFO] ✅ Chrome: 361MB (PID 2636121)
[2026-06-18 16:00:01] [INFO] ✅ Disco: 65% usado
[2026-06-18 16:00:02] [INFO] Notificação enviada para grupo Server_notification
[2026-06-18 17:00:01] [ERRO] ❌ HTTP não respondeu (código: 307)
[2026-06-18 17:00:01] [INFO] ✅ WhatsApp: Conectado
[2026-06-18 17:00:01] [INFO] ✅ Chrome: 365MB (PID 2636121)
[2026-06-18 17:00:01] [INFO] ✅ Disco: 65% usado
[2026-06-18 17:00:02] [INFO] Notificação enviada para grupo Server_notification
[2026-06-18 18:00:01] [ERRO] ❌ HTTP não respondeu (código: 307)
[2026-06-18 18:00:01] [INFO] ✅ WhatsApp: Conectado
[2026-06-18 18:00:02] [INFO] ✅ Chrome: 364MB (PID 2636121)
[2026-06-18 18:00:02] [INFO] ✅ Disco: 65% usado
[2026-06-18 18:00:03] [INFO] Notificação enviada para grupo Server_notification
[2026-06-18 19:00:01] [ERRO] ❌ HTTP não respondeu (código: 307)
[2026-06-18 19:00:01] [INFO] ✅ WhatsApp: Conectado
[2026-06-18 19:00:01] [INFO] ✅ Chrome: 362MB (PID 2636121)
[2026-06-18 19:00:01] [INFO] ✅ Disco: 65% usado
[2026-06-18 19:00:03] [INFO] Notificação enviada para grupo Server_notification
[2026-06-18 20:00:01] [ERRO] ❌ HTTP não respondeu (código: 307)
[2026-06-18 20:00:02] [INFO] ✅ WhatsApp: Conectado
[2026-06-18 20:00:02] [INFO] ✅ Chrome: 360MB (PID 2636121)
[2026-06-18 20:00:02] [INFO] ✅ Disco: 65% usado
[2026-06-18 20:00:03] [INFO] Notificação enviada para grupo Server_notification
[2026-06-18 21:00:01] [ERRO] ❌ HTTP não respondeu (código: 307)
[2026-06-18 21:00:01] [INFO] ✅ WhatsApp: Conectado
[2026-06-18 21:00:02] [INFO] ✅ Chrome: 373MB (PID 2636121)
[2026-06-18 21:00:02] [INFO] ✅ Disco: 65% usado
[2026-06-18 21:00:03] [INFO] Notificação enviada para grupo Server_notification
[2026-06-18 22:00:01] [ERRO] ❌ HTTP não respondeu (código: 307)
[2026-06-18 22:00:01] [INFO] ✅ WhatsApp: Conectado
[2026-06-18 22:00:01] [INFO] ✅ Chrome: 371MB (PID 2636121)
[2026-06-18 22:00:01] [INFO] ✅ Disco: 65% usado
[2026-06-18 22:00:02] [INFO] Notificação enviada para grupo Server_notification
[2026-06-18 23:00:01] [ERRO] ❌ HTTP não respondeu (código: 307)
[2026-06-18 23:00:01] [INFO] ✅ WhatsApp: Conectado
[2026-06-18 23:00:02] [INFO] ✅ Chrome: 368MB (PID 2636121)
[2026-06-18 23:00:02] [INFO] ✅ Disco: 65% usado
[2026-06-18 23:00:03] [INFO] Notificação enviada para grupo Server_notification
