[2026-06-25 00:00:01] [INFO] ✅ HTTP respondendo (200)
[2026-06-25 00:00:01] [WARN] ⚠️ WhatsApp: Aguardando leitura de QR Code (acesse /api/qrcode para escanear)
[2026-06-25 00:00:01] [INFO] ✅ Chrome: 306MB (PID 3816214)
[2026-06-25 00:00:01] [INFO] ✅ Disco: 68% usado
[2026-06-25 00:00:03] [INFO] Notificação enviada para grupo Server_notification
[2026-06-25 01:00:01] [INFO] ✅ HTTP respondendo (200)
[2026-06-25 01:00:01] [WARN] ⚠️ WhatsApp: Aguardando leitura de QR Code (acesse /api/qrcode para escanear)
[2026-06-25 01:00:01] [INFO] ✅ Chrome: 308MB (PID 3816214)
[2026-06-25 01:00:01] [INFO] ✅ Disco: 69% usado
[2026-06-25 01:00:03] [INFO] Notificação enviada para grupo Server_notification
[2026-06-25 02:00:01] [INFO] ✅ HTTP respondendo (200)
[2026-06-25 02:00:01] [WARN] ⚠️ WhatsApp: Aguardando leitura de QR Code (acesse /api/qrcode para escanear)
[2026-06-25 02:00:01] [INFO] ✅ Chrome: 313MB (PID 3816214)
[2026-06-25 02:00:01] [INFO] ✅ Disco: 69% usado
[2026-06-25 02:00:03] [INFO] Notificação enviada para grupo Server_notification
[2026-06-25 03:00:02] [INFO] ✅ HTTP respondendo (200)
[2026-06-25 03:00:02] [WARN] ⚠️ WhatsApp: Aguardando leitura de QR Code (acesse /api/qrcode para escanear)
[2026-06-25 03:00:02] [INFO] ✅ Chrome: 317MB (PID 3816214)
[2026-06-25 03:00:02] [INFO] ✅ Disco: 69% usado
[2026-06-25 03:00:04] [INFO] Notificação enviada para grupo Server_notification
[2026-06-25 04:00:01] [INFO] ✅ HTTP respondendo (200)
[2026-06-25 04:00:01] [WARN] ⚠️ WhatsApp: Aguardando leitura de QR Code (acesse /api/qrcode para escanear)
[2026-06-25 04:00:01] [INFO] ✅ Chrome: 302MB (PID 3816214)
[2026-06-25 04:00:01] [INFO] ✅ Disco: 69% usado
[2026-06-25 04:00:03] [INFO] Notificação enviada para grupo Server_notification
[2026-06-25 05:00:01] [INFO] ✅ HTTP respondendo (200)
[2026-06-25 05:00:01] [WARN] ⚠️ WhatsApp: Aguardando leitura de QR Code (acesse /api/qrcode para escanear)
[2026-06-25 05:00:01] [INFO] ✅ Chrome: 301MB (PID 3816214)
[2026-06-25 05:00:01] [INFO] ✅ Disco: 69% usado
[2026-06-25 05:00:04] [INFO] Notificação enviada para grupo Server_notification
[2026-06-25 06:00:01] [INFO] ✅ HTTP respondendo (200)
[2026-06-25 06:00:01] [WARN] ⚠️ WhatsApp: Aguardando leitura de QR Code (acesse /api/qrcode para escanear)
[2026-06-25 06:00:01] [INFO] ✅ Chrome: 302MB (PID 3816214)
[2026-06-25 06:00:01] [INFO] ✅ Disco: 69% usado
[2026-06-25 06:00:03] [INFO] Notificação enviada para grupo Server_notification
[2026-06-25 07:00:01] [INFO] ✅ HTTP respondendo (200)
[2026-06-25 07:00:02] [WARN] ⚠️ WhatsApp: Aguardando leitura de QR Code (acesse /api/qrcode para escanear)
[2026-06-25 07:00:02] [INFO] ✅ Chrome: 306MB (PID 3816214)
[2026-06-25 07:00:02] [INFO] ✅ Disco: 69% usado
[2026-06-25 07:00:04] [INFO] Notificação enviada para grupo Server_notification
[2026-06-25 08:00:02] [INFO] ✅ HTTP respondendo (200)
[2026-06-25 08:00:02] [WARN] ⚠️ WhatsApp: Aguardando leitura de QR Code (acesse /api/qrcode para escanear)
[2026-06-25 08:00:02] [INFO] ✅ Chrome: 310MB (PID 3816214)
[2026-06-25 08:00:02] [INFO] ✅ Disco: 69% usado
[2026-06-25 08:00:04] [INFO] Notificação enviada para grupo Server_notification
[2026-06-25 09:00:01] [INFO] ✅ HTTP respondendo (200)
[2026-06-25 09:00:01] [WARN] ⚠️ WhatsApp: Aguardando leitura de QR Code (acesse /api/qrcode para escanear)
[2026-06-25 09:00:01] [INFO] ✅ Chrome: 313MB (PID 3816214)
[2026-06-25 09:00:01] [INFO] ✅ Disco: 69% usado
[2026-06-25 09:00:03] [INFO] Notificação enviada para grupo Server_notification
[2026-06-25 10:00:01] [INFO] ✅ HTTP respondendo (200)
[2026-06-25 10:00:01] [WARN] ⚠️ WhatsApp: Aguardando leitura de QR Code (acesse /api/qrcode para escanear)
[2026-06-25 10:00:02] [INFO] ✅ Chrome: 315MB (PID 3816214)
[2026-06-25 10:00:02] [INFO] ✅ Disco: 69% usado
[2026-06-25 10:00:04] [INFO] Notificação enviada para grupo Server_notification
[2026-06-25 11:00:01] [INFO] ✅ HTTP respondendo (200)
[2026-06-25 11:00:01] [WARN] ⚠️ WhatsApp: Aguardando leitura de QR Code (acesse /api/qrcode para escanear)
[2026-06-25 11:00:01] [INFO] ✅ Chrome: 334MB (PID 3816214)
[2026-06-25 11:00:01] [INFO] ✅ Disco: 69% usado
[2026-06-25 11:00:03] [INFO] Notificação enviada para grupo Server_notification
[2026-06-25 12:00:01] [INFO] ✅ HTTP respondendo (200)
[2026-06-25 12:00:01] [WARN] ⚠️ WhatsApp: Aguardando leitura de QR Code (acesse /api/qrcode para escanear)
[2026-06-25 12:00:01] [INFO] ✅ Chrome: 336MB (PID 3816214)
[2026-06-25 12:00:01] [INFO] ✅ Disco: 69% usado
[2026-06-25 12:00:03] [INFO] Notificação enviada para grupo Server_notification
[2026-06-25 13:00:01] [INFO] ✅ HTTP respondendo (200)
[2026-06-25 13:00:01] [WARN] ⚠️ WhatsApp: Aguardando leitura de QR Code (acesse /api/qrcode para escanear)
[2026-06-25 13:00:01] [INFO] ✅ Chrome: 340MB (PID 3816214)
[2026-06-25 13:00:01] [INFO] ✅ Disco: 69% usado
[2026-06-25 13:00:03] [INFO] Notificação enviada para grupo Server_notification
[2026-06-25 14:00:02] [INFO] ✅ HTTP respondendo (200)
[2026-06-25 14:00:02] [WARN] ⚠️ WhatsApp: Aguardando leitura de QR Code (acesse /api/qrcode para escanear)
[2026-06-25 14:00:02] [INFO] ✅ Chrome: 343MB (PID 3816214)
[2026-06-25 14:00:02] [INFO] ✅ Disco: 71% usado
[2026-06-25 14:00:04] [INFO] Notificação enviada para grupo Server_notification
