[2026-06-29 00:00:01] [INFO] ✅ HTTP respondendo (200)
[2026-06-29 00:00:01] [WARN] ⚠️ WhatsApp: Aguardando leitura de QR Code (acesse /api/qrcode para escanear)
[2026-06-29 00:00:01] [INFO] ✅ Chrome: 420MB (PID 3816214)
[2026-06-29 00:00:01] [INFO] ✅ Disco: 82% usado
[2026-06-29 00:00:02] [WARN] Falha no grupo, tentando fallback...
[2026-06-29 00:00:02] [ERRO] FALHA CRÍTICA: não foi possível enviar notificação
[2026-06-29 01:00:01] [INFO] ✅ HTTP respondendo (200)
[2026-06-29 01:00:01] [WARN] ⚠️ WhatsApp: Aguardando leitura de QR Code (acesse /api/qrcode para escanear)
[2026-06-29 01:00:01] [INFO] ✅ Chrome: 420MB (PID 3816214)
[2026-06-29 01:00:01] [INFO] ✅ Disco: 82% usado
[2026-06-29 01:00:01] [WARN] Falha no grupo, tentando fallback...
[2026-06-29 01:00:01] [ERRO] FALHA CRÍTICA: não foi possível enviar notificação
[2026-06-29 02:00:01] [INFO] ✅ HTTP respondendo (200)
[2026-06-29 02:00:01] [WARN] ⚠️ WhatsApp: Aguardando leitura de QR Code (acesse /api/qrcode para escanear)
[2026-06-29 02:00:01] [INFO] ✅ Chrome: 420MB (PID 3816214)
[2026-06-29 02:00:01] [INFO] ✅ Disco: 82% usado
[2026-06-29 02:00:01] [WARN] Falha no grupo, tentando fallback...
[2026-06-29 02:00:02] [ERRO] FALHA CRÍTICA: não foi possível enviar notificação
[2026-06-29 03:00:01] [INFO] ✅ HTTP respondendo (200)
[2026-06-29 03:00:01] [WARN] ⚠️ WhatsApp: Aguardando leitura de QR Code (acesse /api/qrcode para escanear)
[2026-06-29 03:00:01] [INFO] ✅ Chrome: 424MB (PID 3816214)
[2026-06-29 03:00:01] [INFO] ✅ Disco: 82% usado
[2026-06-29 03:00:01] [WARN] Falha no grupo, tentando fallback...
[2026-06-29 03:00:01] [ERRO] FALHA CRÍTICA: não foi possível enviar notificação
[2026-06-29 04:00:01] [INFO] ✅ HTTP respondendo (200)
[2026-06-29 04:00:01] [WARN] ⚠️ WhatsApp: Aguardando leitura de QR Code (acesse /api/qrcode para escanear)
[2026-06-29 04:00:02] [INFO] ✅ Chrome: 424MB (PID 3816214)
[2026-06-29 04:00:02] [INFO] ✅ Disco: 82% usado
[2026-06-29 04:00:02] [WARN] Falha no grupo, tentando fallback...
[2026-06-29 04:00:02] [ERRO] FALHA CRÍTICA: não foi possível enviar notificação
[2026-06-29 05:00:01] [INFO] ✅ HTTP respondendo (200)
[2026-06-29 05:00:01] [WARN] ⚠️ WhatsApp: Aguardando leitura de QR Code (acesse /api/qrcode para escanear)
[2026-06-29 05:00:01] [INFO] ✅ Chrome: 426MB (PID 3816214)
[2026-06-29 05:00:01] [INFO] ✅ Disco: 82% usado
[2026-06-29 05:00:01] [WARN] Falha no grupo, tentando fallback...
[2026-06-29 05:00:01] [ERRO] FALHA CRÍTICA: não foi possível enviar notificação
[2026-06-29 06:00:01] [INFO] ✅ HTTP respondendo (200)
[2026-06-29 06:00:01] [WARN] ⚠️ WhatsApp: Aguardando leitura de QR Code (acesse /api/qrcode para escanear)
[2026-06-29 06:00:01] [INFO] ✅ Chrome: 430MB (PID 3816214)
[2026-06-29 06:00:01] [INFO] ✅ Disco: 82% usado
[2026-06-29 06:00:02] [WARN] Falha no grupo, tentando fallback...
[2026-06-29 06:00:02] [ERRO] FALHA CRÍTICA: não foi possível enviar notificação
[2026-06-29 07:00:02] [INFO] ✅ HTTP respondendo (200)
[2026-06-29 07:00:02] [WARN] ⚠️ WhatsApp: Aguardando leitura de QR Code (acesse /api/qrcode para escanear)
[2026-06-29 07:00:02] [INFO] ✅ Chrome: 493MB (PID 3816214)
[2026-06-29 07:00:02] [INFO] ✅ Disco: 82% usado
[2026-06-29 07:00:02] [WARN] Falha no grupo, tentando fallback...
[2026-06-29 07:00:02] [ERRO] FALHA CRÍTICA: não foi possível enviar notificação
[2026-06-29 08:00:01] [INFO] ✅ HTTP respondendo (200)
[2026-06-29 08:00:01] [WARN] ⚠️ WhatsApp: Aguardando leitura de QR Code (acesse /api/qrcode para escanear)
[2026-06-29 08:00:01] [INFO] ✅ Chrome: 494MB (PID 3816214)
[2026-06-29 08:00:01] [INFO] ✅ Disco: 82% usado
[2026-06-29 08:00:01] [WARN] Falha no grupo, tentando fallback...
[2026-06-29 08:00:02] [ERRO] FALHA CRÍTICA: não foi possível enviar notificação
[2026-06-29 09:00:01] [INFO] ✅ HTTP respondendo (200)
[2026-06-29 09:00:01] [WARN] ⚠️ WhatsApp: Aguardando leitura de QR Code (acesse /api/qrcode para escanear)
[2026-06-29 09:00:01] [INFO] ✅ Chrome: 480MB (PID 3816214)
[2026-06-29 09:00:01] [INFO] ✅ Disco: 82% usado
[2026-06-29 09:00:01] [WARN] Falha no grupo, tentando fallback...
[2026-06-29 09:00:01] [ERRO] FALHA CRÍTICA: não foi possível enviar notificação
[2026-06-29 10:00:01] [INFO] ✅ HTTP respondendo (200)
[2026-06-29 10:00:01] [WARN] ⚠️ WhatsApp: Aguardando leitura de QR Code (acesse /api/qrcode para escanear)
[2026-06-29 10:00:01] [INFO] ✅ Chrome: 480MB (PID 3816214)
[2026-06-29 10:00:01] [INFO] ✅ Disco: 82% usado
[2026-06-29 10:00:02] [WARN] Falha no grupo, tentando fallback...
[2026-06-29 10:00:02] [ERRO] FALHA CRÍTICA: não foi possível enviar notificação
[2026-06-29 11:00:01] [INFO] ✅ HTTP respondendo (200)
[2026-06-29 11:00:01] [WARN] ⚠️ WhatsApp: Aguardando leitura de QR Code (acesse /api/qrcode para escanear)
[2026-06-29 11:00:01] [INFO] ✅ Chrome: 484MB (PID 3816214)
[2026-06-29 11:00:01] [INFO] ✅ Disco: 83% usado
[2026-06-29 11:00:01] [WARN] Falha no grupo, tentando fallback...
[2026-06-29 11:00:01] [ERRO] FALHA CRÍTICA: não foi possível enviar notificação
[2026-06-29 12:00:01] [INFO] ✅ HTTP respondendo (200)
[2026-06-29 12:00:02] [WARN] ⚠️ WhatsApp: Aguardando leitura de QR Code (acesse /api/qrcode para escanear)
[2026-06-29 12:00:02] [INFO] ✅ Chrome: 470MB (PID 3816214)
[2026-06-29 12:00:02] [INFO] ✅ Disco: 83% usado
[2026-06-29 12:00:02] [WARN] Falha no grupo, tentando fallback...
[2026-06-29 12:00:02] [ERRO] FALHA CRÍTICA: não foi possível enviar notificação
[2026-06-29 13:00:01] [INFO] ✅ HTTP respondendo (200)
[2026-06-29 13:00:01] [WARN] ⚠️ WhatsApp: Aguardando leitura de QR Code (acesse /api/qrcode para escanear)
[2026-06-29 13:00:01] [INFO] ✅ Chrome: 468MB (PID 3816214)
[2026-06-29 13:00:01] [INFO] ✅ Disco: 83% usado
[2026-06-29 13:00:01] [WARN] Falha no grupo, tentando fallback...
[2026-06-29 13:00:01] [ERRO] FALHA CRÍTICA: não foi possível enviar notificação
[2026-06-29 14:00:01] [INFO] ✅ HTTP respondendo (200)
[2026-06-29 14:00:01] [WARN] ⚠️ WhatsApp: Aguardando leitura de QR Code (acesse /api/qrcode para escanear)
[2026-06-29 14:00:01] [INFO] ✅ Chrome: 473MB (PID 3816214)
[2026-06-29 14:00:01] [INFO] ✅ Disco: 83% usado
[2026-06-29 14:00:01] [WARN] Falha no grupo, tentando fallback...
[2026-06-29 14:00:01] [ERRO] FALHA CRÍTICA: não foi possível enviar notificação
[2026-06-29 15:00:01] [INFO] ✅ HTTP respondendo (200)
[2026-06-29 15:00:02] [WARN] ⚠️ WhatsApp: Aguardando leitura de QR Code (acesse /api/qrcode para escanear)
[2026-06-29 15:00:02] [INFO] ✅ Chrome: 476MB (PID 3816214)
[2026-06-29 15:00:02] [INFO] ✅ Disco: 83% usado
[2026-06-29 15:00:02] [WARN] Falha no grupo, tentando fallback...
[2026-06-29 15:00:02] [ERRO] FALHA CRÍTICA: não foi possível enviar notificação
[2026-06-29 16:00:01] [INFO] ✅ HTTP respondendo (200)
[2026-06-29 16:00:01] [WARN] ⚠️ WhatsApp: Aguardando leitura de QR Code (acesse /api/qrcode para escanear)
[2026-06-29 16:00:01] [INFO] ✅ Chrome: 461MB (PID 3816214)
[2026-06-29 16:00:01] [INFO] ✅ Disco: 84% usado
[2026-06-29 16:00:01] [WARN] Falha no grupo, tentando fallback...
[2026-06-29 16:00:01] [ERRO] FALHA CRÍTICA: não foi possível enviar notificação
[2026-06-29 17:00:01] [INFO] ✅ HTTP respondendo (200)
[2026-06-29 17:00:01] [WARN] ⚠️ WhatsApp: Aguardando leitura de QR Code (acesse /api/qrcode para escanear)
[2026-06-29 17:00:01] [INFO] ✅ Chrome: 464MB (PID 3816214)
[2026-06-29 17:00:01] [INFO] ✅ Disco: 84% usado
[2026-06-29 17:00:01] [WARN] Falha no grupo, tentando fallback...
[2026-06-29 17:00:01] [ERRO] FALHA CRÍTICA: não foi possível enviar notificação
[2026-06-29 18:00:01] [INFO] ✅ HTTP respondendo (200)
[2026-06-29 18:00:01] [WARN] ⚠️ WhatsApp: Aguardando leitura de QR Code (acesse /api/qrcode para escanear)
[2026-06-29 18:00:01] [INFO] ✅ Chrome: 469MB (PID 3816214)
[2026-06-29 18:00:01] [INFO] ✅ Disco: 84% usado
[2026-06-29 18:00:01] [WARN] Falha no grupo, tentando fallback...
[2026-06-29 18:00:01] [ERRO] FALHA CRÍTICA: não foi possível enviar notificação
[2026-06-29 19:00:01] [INFO] ✅ HTTP respondendo (200)
[2026-06-29 19:00:01] [WARN] ⚠️ WhatsApp: Aguardando leitura de QR Code (acesse /api/qrcode para escanear)
[2026-06-29 19:00:01] [INFO] ✅ Chrome: 468MB (PID 3816214)
[2026-06-29 19:00:01] [INFO] ✅ Disco: 84% usado
[2026-06-29 19:00:01] [WARN] Falha no grupo, tentando fallback...
[2026-06-29 19:00:01] [ERRO] FALHA CRÍTICA: não foi possível enviar notificação
[2026-06-29 20:00:01] [INFO] ✅ HTTP respondendo (200)
[2026-06-29 20:00:01] [WARN] ⚠️ WhatsApp: Aguardando leitura de QR Code (acesse /api/qrcode para escanear)
[2026-06-29 20:00:01] [INFO] ✅ Chrome: 451MB (PID 3816214)
[2026-06-29 20:00:01] [INFO] ✅ Disco: 84% usado
[2026-06-29 20:00:01] [WARN] Falha no grupo, tentando fallback...
[2026-06-29 20:00:01] [ERRO] FALHA CRÍTICA: não foi possível enviar notificação
[2026-06-29 21:00:01] [INFO] ✅ HTTP respondendo (200)
[2026-06-29 21:00:01] [WARN] ⚠️ WhatsApp: Aguardando leitura de QR Code (acesse /api/qrcode para escanear)
[2026-06-29 21:00:02] [INFO] ✅ Chrome: 455MB (PID 3816214)
[2026-06-29 21:00:02] [INFO] ✅ Disco: 84% usado
[2026-06-29 21:00:02] [WARN] Falha no grupo, tentando fallback...
[2026-06-29 21:00:02] [ERRO] FALHA CRÍTICA: não foi possível enviar notificação
[2026-06-29 22:00:01] [INFO] ✅ HTTP respondendo (200)
[2026-06-29 22:00:01] [WARN] ⚠️ WhatsApp: Aguardando leitura de QR Code (acesse /api/qrcode para escanear)
[2026-06-29 22:00:01] [INFO] ✅ Chrome: 458MB (PID 3816214)
[2026-06-29 22:00:01] [INFO] ✅ Disco: 84% usado
[2026-06-29 22:00:02] [WARN] Falha no grupo, tentando fallback...
[2026-06-29 22:00:02] [ERRO] FALHA CRÍTICA: não foi possível enviar notificação
[2026-06-29 23:00:01] [INFO] ✅ HTTP respondendo (200)
[2026-06-29 23:00:01] [WARN] ⚠️ WhatsApp: Aguardando leitura de QR Code (acesse /api/qrcode para escanear)
[2026-06-29 23:00:02] [INFO] ✅ Chrome: 451MB (PID 3816214)
[2026-06-29 23:00:02] [INFO] ✅ Disco: 84% usado
[2026-06-29 23:00:02] [WARN] Falha no grupo, tentando fallback...
[2026-06-29 23:00:02] [ERRO] FALHA CRÍTICA: não foi possível enviar notificação
