[2026-06-23 00:00:02] [INFO] ✅ HTTP respondendo (200)
[2026-06-23 00:00:02] [WARN] ⚠️ WhatsApp: Aguardando leitura de QR Code (acesse /api/qrcode para escanear)
[2026-06-23 00:00:02] [INFO] ✅ Chrome: 271MB (PID 2375221)
[2026-06-23 00:00:02] [INFO] ✅ Disco: 64% usado
[2026-06-23 00:00:03] [INFO] Notificação enviada para grupo Server_notification
[2026-06-23 01:00:01] [INFO] ✅ HTTP respondendo (200)
[2026-06-23 01:00:01] [WARN] ⚠️ WhatsApp: Aguardando leitura de QR Code (acesse /api/qrcode para escanear)
[2026-06-23 01:00:01] [INFO] ✅ Chrome: 272MB (PID 2375221)
[2026-06-23 01:00:01] [INFO] ✅ Disco: 64% usado
[2026-06-23 01:00:02] [INFO] Notificação enviada para grupo Server_notification
[2026-06-23 02:00:01] [INFO] ✅ HTTP respondendo (200)
[2026-06-23 02:00:01] [WARN] ⚠️ WhatsApp: Aguardando leitura de QR Code (acesse /api/qrcode para escanear)
[2026-06-23 02:00:01] [INFO] ✅ Chrome: 274MB (PID 2375221)
[2026-06-23 02:00:01] [INFO] ✅ Disco: 64% usado
[2026-06-23 02:00:02] [INFO] Notificação enviada para grupo Server_notification
[2026-06-23 03:00:01] [INFO] ✅ HTTP respondendo (200)
[2026-06-23 03:00:01] [WARN] ⚠️ WhatsApp: Aguardando leitura de QR Code (acesse /api/qrcode para escanear)
[2026-06-23 03:00:01] [INFO] ✅ Chrome: 278MB (PID 2375221)
[2026-06-23 03:00:01] [INFO] ✅ Disco: 64% usado
[2026-06-23 03:00:02] [INFO] Notificação enviada para grupo Server_notification
[2026-06-23 04:00:01] [INFO] ✅ HTTP respondendo (200)
[2026-06-23 04:00:01] [WARN] ⚠️ WhatsApp: Aguardando leitura de QR Code (acesse /api/qrcode para escanear)
[2026-06-23 04:00:01] [INFO] ✅ Chrome: 282MB (PID 2375221)
[2026-06-23 04:00:01] [INFO] ✅ Disco: 64% usado
[2026-06-23 04:00:03] [INFO] Notificação enviada para grupo Server_notification
[2026-06-23 05:00:02] [INFO] ✅ HTTP respondendo (200)
[2026-06-23 05:00:02] [WARN] ⚠️ WhatsApp: Aguardando leitura de QR Code (acesse /api/qrcode para escanear)
[2026-06-23 05:00:02] [INFO] ✅ Chrome: 287MB (PID 2375221)
[2026-06-23 05:00:02] [INFO] ✅ Disco: 64% usado
[2026-06-23 05:00:03] [INFO] Notificação enviada para grupo Server_notification
[2026-06-23 06:00:01] [INFO] ✅ HTTP respondendo (200)
[2026-06-23 06:00:01] [WARN] ⚠️ WhatsApp: Aguardando leitura de QR Code (acesse /api/qrcode para escanear)
[2026-06-23 06:00:01] [INFO] ✅ Chrome: 284MB (PID 2375221)
[2026-06-23 06:00:01] [INFO] ✅ Disco: 64% usado
[2026-06-23 06:00:02] [INFO] Notificação enviada para grupo Server_notification
[2026-06-23 07:00:01] [INFO] ✅ HTTP respondendo (200)
[2026-06-23 07:00:01] [WARN] ⚠️ WhatsApp: Aguardando leitura de QR Code (acesse /api/qrcode para escanear)
[2026-06-23 07:00:01] [INFO] ✅ Chrome: 275MB (PID 3816214)
[2026-06-23 07:00:01] [INFO] ✅ Disco: 64% usado
[2026-06-23 07:00:03] [INFO] Notificação enviada para grupo Server_notification
[2026-06-23 08:00:01] [INFO] ✅ HTTP respondendo (200)
[2026-06-23 08:00:01] [WARN] ⚠️ WhatsApp: Aguardando leitura de QR Code (acesse /api/qrcode para escanear)
[2026-06-23 08:00:01] [INFO] ✅ Chrome: 208MB (PID 3816214)
[2026-06-23 08:00:01] [INFO] ✅ Disco: 64% usado
[2026-06-23 08:00:02] [INFO] Notificação enviada para grupo Server_notification
[2026-06-23 09:00:01] [INFO] ✅ HTTP respondendo (200)
[2026-06-23 09:00:01] [WARN] ⚠️ WhatsApp: Aguardando leitura de QR Code (acesse /api/qrcode para escanear)
[2026-06-23 09:00:01] [INFO] ✅ Chrome: 212MB (PID 3816214)
[2026-06-23 09:00:01] [INFO] ✅ Disco: 64% usado
[2026-06-23 09:00:03] [INFO] Notificação enviada para grupo Server_notification
[2026-06-23 10:00:01] [INFO] ✅ HTTP respondendo (200)
[2026-06-23 10:00:01] [WARN] ⚠️ WhatsApp: Aguardando leitura de QR Code (acesse /api/qrcode para escanear)
[2026-06-23 10:00:01] [INFO] ✅ Chrome: 215MB (PID 3816214)
[2026-06-23 10:00:01] [INFO] ✅ Disco: 64% usado
[2026-06-23 10:00:02] [INFO] Notificação enviada para grupo Server_notification
[2026-06-23 11:00:01] [INFO] ✅ HTTP respondendo (200)
[2026-06-23 11:00:02] [WARN] ⚠️ WhatsApp: Aguardando leitura de QR Code (acesse /api/qrcode para escanear)
[2026-06-23 11:00:02] [INFO] ✅ Chrome: 226MB (PID 3816214)
[2026-06-23 11:00:02] [INFO] ✅ Disco: 64% usado
[2026-06-23 11:00:03] [INFO] Notificação enviada para grupo Server_notification
[2026-06-23 12:00:01] [INFO] ✅ HTTP respondendo (200)
[2026-06-23 12:00:01] [WARN] ⚠️ WhatsApp: Aguardando leitura de QR Code (acesse /api/qrcode para escanear)
[2026-06-23 12:00:02] [INFO] ✅ Chrome: 224MB (PID 3816214)
[2026-06-23 12:00:02] [INFO] ✅ Disco: 64% usado
[2026-06-23 12:00:03] [INFO] Notificação enviada para grupo Server_notification
[2026-06-23 13:00:01] [INFO] ✅ HTTP respondendo (200)
[2026-06-23 13:00:01] [WARN] ⚠️ WhatsApp: Aguardando leitura de QR Code (acesse /api/qrcode para escanear)
[2026-06-23 13:00:01] [INFO] ✅ Chrome: 223MB (PID 3816214)
[2026-06-23 13:00:01] [INFO] ✅ Disco: 64% usado
[2026-06-23 13:00:02] [INFO] Notificação enviada para grupo Server_notification
[2026-06-23 14:00:01] [INFO] ✅ HTTP respondendo (200)
[2026-06-23 14:00:01] [WARN] ⚠️ WhatsApp: Aguardando leitura de QR Code (acesse /api/qrcode para escanear)
[2026-06-23 14:00:01] [INFO] ✅ Chrome: 224MB (PID 3816214)
[2026-06-23 14:00:01] [INFO] ✅ Disco: 64% usado
[2026-06-23 14:00:02] [INFO] Notificação enviada para grupo Server_notification
[2026-06-23 15:00:01] [INFO] ✅ HTTP respondendo (200)
[2026-06-23 15:00:01] [WARN] ⚠️ WhatsApp: Aguardando leitura de QR Code (acesse /api/qrcode para escanear)
[2026-06-23 15:00:01] [INFO] ✅ Chrome: 226MB (PID 3816214)
[2026-06-23 15:00:01] [INFO] ✅ Disco: 64% usado
[2026-06-23 15:00:02] [INFO] Notificação enviada para grupo Server_notification
[2026-06-23 16:00:01] [INFO] ✅ HTTP respondendo (200)
[2026-06-23 16:00:01] [WARN] ⚠️ WhatsApp: Aguardando leitura de QR Code (acesse /api/qrcode para escanear)
[2026-06-23 16:00:01] [INFO] ✅ Chrome: 230MB (PID 3816214)
[2026-06-23 16:00:01] [INFO] ✅ Disco: 64% usado
[2026-06-23 16:00:02] [INFO] Notificação enviada para grupo Server_notification
[2026-06-23 17:00:01] [INFO] ✅ HTTP respondendo (200)
[2026-06-23 17:00:01] [WARN] ⚠️ WhatsApp: Aguardando leitura de QR Code (acesse /api/qrcode para escanear)
[2026-06-23 17:00:01] [INFO] ✅ Chrome: 232MB (PID 3816214)
[2026-06-23 17:00:01] [INFO] ✅ Disco: 66% usado
[2026-06-23 17:00:02] [INFO] Notificação enviada para grupo Server_notification
[2026-06-23 18:00:01] [INFO] ✅ HTTP respondendo (200)
[2026-06-23 18:00:01] [WARN] ⚠️ WhatsApp: Aguardando leitura de QR Code (acesse /api/qrcode para escanear)
[2026-06-23 18:00:02] [INFO] ✅ Chrome: 233MB (PID 3816214)
[2026-06-23 18:00:02] [INFO] ✅ Disco: 65% usado
[2026-06-23 18:00:04] [INFO] Notificação enviada para grupo Server_notification
[2026-06-23 19:00:02] [INFO] ✅ HTTP respondendo (200)
[2026-06-23 19:00:02] [WARN] ⚠️ WhatsApp: Aguardando leitura de QR Code (acesse /api/qrcode para escanear)
[2026-06-23 19:00:02] [INFO] ✅ Chrome: 236MB (PID 3816214)
[2026-06-23 19:00:02] [INFO] ✅ Disco: 65% usado
[2026-06-23 19:00:03] [INFO] Notificação enviada para grupo Server_notification
[2026-06-23 20:00:01] [INFO] ✅ HTTP respondendo (200)
[2026-06-23 20:00:02] [WARN] ⚠️ WhatsApp: Aguardando leitura de QR Code (acesse /api/qrcode para escanear)
[2026-06-23 20:00:02] [INFO] ✅ Chrome: 241MB (PID 3816214)
[2026-06-23 20:00:02] [INFO] ✅ Disco: 66% usado
[2026-06-23 20:00:04] [INFO] Notificação enviada para grupo Server_notification
[2026-06-23 21:00:01] [INFO] ✅ HTTP respondendo (200)
[2026-06-23 21:00:02] [WARN] ⚠️ WhatsApp: Aguardando leitura de QR Code (acesse /api/qrcode para escanear)
[2026-06-23 21:00:02] [INFO] ✅ Chrome: 245MB (PID 3816214)
[2026-06-23 21:00:02] [INFO] ✅ Disco: 66% usado
[2026-06-23 21:00:03] [INFO] Notificação enviada para grupo Server_notification
[2026-06-23 22:00:01] [INFO] ✅ HTTP respondendo (200)
[2026-06-23 22:00:01] [WARN] ⚠️ WhatsApp: Aguardando leitura de QR Code (acesse /api/qrcode para escanear)
[2026-06-23 22:00:01] [INFO] ✅ Chrome: 246MB (PID 3816214)
[2026-06-23 22:00:01] [INFO] ✅ Disco: 66% usado
[2026-06-23 22:00:02] [INFO] Notificação enviada para grupo Server_notification
[2026-06-23 23:00:01] [INFO] ✅ HTTP respondendo (200)
[2026-06-23 23:00:01] [WARN] ⚠️ WhatsApp: Aguardando leitura de QR Code (acesse /api/qrcode para escanear)
[2026-06-23 23:00:01] [INFO] ✅ Chrome: 247MB (PID 3816214)
[2026-06-23 23:00:01] [INFO] ✅ Disco: 67% usado
[2026-06-23 23:00:02] [INFO] Notificação enviada para grupo Server_notification
