[2026-06-21 00:00:01] [INFO] ✅ HTTP respondendo (200)
[2026-06-21 00:00:01] [WARN] ⚠️ WhatsApp: Aguardando
[2026-06-21 00:00:01] [INFO] ✅ Chrome: 240MB (PID 971520)
[2026-06-21 00:00:01] [INFO] ✅ Disco: 65% usado
[2026-06-21 00:00:04] [INFO] Notificação enviada para grupo Server_notification
[2026-06-21 01:00:02] [INFO] ✅ HTTP respondendo (200)
[2026-06-21 01:00:02] [WARN] ⚠️ WhatsApp: Aguardando
[2026-06-21 01:00:02] [INFO] ✅ Chrome: 242MB (PID 971520)
[2026-06-21 01:00:02] [INFO] ✅ Disco: 66% usado
[2026-06-21 01:00:04] [INFO] Notificação enviada para grupo Server_notification
[2026-06-21 02:00:01] [INFO] ✅ HTTP respondendo (200)
[2026-06-21 02:00:02] [WARN] ⚠️ WhatsApp: Aguardando
[2026-06-21 02:00:02] [INFO] ✅ Chrome: 243MB (PID 971520)
[2026-06-21 02:00:02] [INFO] ✅ Disco: 66% usado
[2026-06-21 02:00:03] [INFO] Notificação enviada para grupo Server_notification
[2026-06-21 03:00:01] [INFO] ✅ HTTP respondendo (200)
[2026-06-21 03:00:01] [WARN] ⚠️ WhatsApp: Aguardando
[2026-06-21 03:00:01] [INFO] ✅ Chrome: 243MB (PID 971520)
[2026-06-21 03:00:01] [INFO] ✅ Disco: 66% usado
[2026-06-21 03:00:03] [INFO] Notificação enviada para grupo Server_notification
[2026-06-21 04:00:01] [INFO] ✅ HTTP respondendo (200)
[2026-06-21 04:00:01] [WARN] ⚠️ WhatsApp: Aguardando
[2026-06-21 04:00:02] [INFO] ✅ Chrome: 241MB (PID 971520)
[2026-06-21 04:00:02] [INFO] ✅ Disco: 66% usado
[2026-06-21 04:00:03] [INFO] Notificação enviada para grupo Server_notification
[2026-06-21 05:00:01] [INFO] ✅ HTTP respondendo (200)
[2026-06-21 05:00:01] [WARN] ⚠️ WhatsApp: Aguardando
[2026-06-21 05:00:01] [INFO] ✅ Chrome: 246MB (PID 971520)
[2026-06-21 05:00:01] [INFO] ✅ Disco: 64% usado
[2026-06-21 05:00:03] [INFO] Notificação enviada para grupo Server_notification
[2026-06-21 06:00:01] [INFO] ✅ HTTP respondendo (200)
[2026-06-21 06:00:01] [WARN] ⚠️ WhatsApp: Aguardando
[2026-06-21 06:00:01] [INFO] ✅ Chrome: 242MB (PID 971520)
[2026-06-21 06:00:01] [INFO] ✅ Disco: 63% usado
[2026-06-21 06:00:03] [INFO] Notificação enviada para grupo Server_notification
[2026-06-21 07:00:01] [INFO] ✅ HTTP respondendo (200)
[2026-06-21 07:00:01] [WARN] ⚠️ WhatsApp: Aguardando
[2026-06-21 07:00:01] [INFO] ✅ Chrome: 240MB (PID 971520)
[2026-06-21 07:00:01] [INFO] ✅ Disco: 63% usado
[2026-06-21 07:00:03] [INFO] Notificação enviada para grupo Server_notification
[2026-06-21 08:00:01] [INFO] ✅ HTTP respondendo (200)
[2026-06-21 08:00:01] [WARN] ⚠️ WhatsApp: Aguardando
[2026-06-21 08:00:01] [INFO] ✅ Chrome: 254MB (PID 971520)
[2026-06-21 08:00:01] [INFO] ✅ Disco: 63% usado
[2026-06-21 08:00:03] [INFO] Notificação enviada para grupo Server_notification
[2026-06-21 09:00:01] [INFO] ✅ HTTP respondendo (200)
[2026-06-21 09:00:01] [WARN] ⚠️ WhatsApp: Aguardando
[2026-06-21 09:00:01] [INFO] ✅ Chrome: 250MB (PID 971520)
[2026-06-21 09:00:01] [INFO] ✅ Disco: 63% usado
[2026-06-21 09:00:03] [INFO] Notificação enviada para grupo Server_notification
[2026-06-21 10:00:01] [INFO] ✅ HTTP respondendo (200)
[2026-06-21 10:00:01] [WARN] ⚠️ WhatsApp: Aguardando
[2026-06-21 10:00:01] [INFO] ✅ Chrome: 248MB (PID 971520)
[2026-06-21 10:00:01] [INFO] ✅ Disco: 63% usado
[2026-06-21 10:00:03] [INFO] Notificação enviada para grupo Server_notification
[2026-06-21 11:00:01] [INFO] ✅ HTTP respondendo (200)
[2026-06-21 11:00:01] [WARN] ⚠️ WhatsApp: Aguardando
[2026-06-21 11:00:01] [INFO] ✅ Chrome: 241MB (PID 971520)
[2026-06-21 11:00:01] [INFO] ✅ Disco: 63% usado
[2026-06-21 11:00:03] [INFO] Notificação enviada para grupo Server_notification
[2026-06-21 12:00:01] [INFO] ✅ HTTP respondendo (200)
[2026-06-21 12:00:01] [WARN] ⚠️ WhatsApp: Aguardando
[2026-06-21 12:00:01] [INFO] ✅ Chrome: 250MB (PID 971520)
[2026-06-21 12:00:01] [INFO] ✅ Disco: 63% usado
[2026-06-21 12:00:03] [INFO] Notificação enviada para grupo Server_notification
[2026-06-21 13:00:01] [INFO] ✅ HTTP respondendo (200)
[2026-06-21 13:00:02] [WARN] ⚠️ WhatsApp: Aguardando
[2026-06-21 13:00:02] [INFO] ✅ Chrome: 243MB (PID 971520)
[2026-06-21 13:00:02] [INFO] ✅ Disco: 63% usado
[2026-06-21 13:00:03] [INFO] Notificação enviada para grupo Server_notification
[2026-06-21 14:00:02] [INFO] ✅ HTTP respondendo (200)
[2026-06-21 14:00:02] [WARN] ⚠️ WhatsApp: Aguardando
[2026-06-21 14:00:02] [INFO] ✅ Chrome: 239MB (PID 971520)
[2026-06-21 14:00:02] [INFO] ✅ Disco: 63% usado
[2026-06-21 14:00:03] [INFO] Notificação enviada para grupo Server_notification
[2026-06-21 15:00:01] [INFO] ✅ HTTP respondendo (200)
[2026-06-21 15:00:01] [WARN] ⚠️ WhatsApp: Aguardando
[2026-06-21 15:00:02] [INFO] ✅ Chrome: 244MB (PID 971520)
[2026-06-21 15:00:02] [INFO] ✅ Disco: 63% usado
[2026-06-21 15:00:03] [INFO] Notificação enviada para grupo Server_notification
[2026-06-21 16:00:01] [INFO] ✅ HTTP respondendo (200)
[2026-06-21 16:00:01] [WARN] ⚠️ WhatsApp: Aguardando
[2026-06-21 16:00:01] [INFO] ✅ Chrome: 248MB (PID 971520)
[2026-06-21 16:00:01] [INFO] ✅ Disco: 63% usado
[2026-06-21 16:00:03] [INFO] Notificação enviada para grupo Server_notification
[2026-06-21 17:00:01] [INFO] ✅ HTTP respondendo (200)
[2026-06-21 17:00:01] [WARN] ⚠️ WhatsApp: Aguardando
[2026-06-21 17:00:01] [INFO] ✅ Chrome: 252MB (PID 971520)
[2026-06-21 17:00:01] [INFO] ✅ Disco: 63% usado
[2026-06-21 17:00:03] [INFO] Notificação enviada para grupo Server_notification
[2026-06-21 18:00:01] [INFO] ✅ HTTP respondendo (200)
[2026-06-21 18:00:01] [WARN] ⚠️ WhatsApp: Aguardando
[2026-06-21 18:00:01] [INFO] ✅ Chrome: 245MB (PID 971520)
[2026-06-21 18:00:01] [INFO] ✅ Disco: 63% usado
[2026-06-21 18:00:03] [INFO] Notificação enviada para grupo Server_notification
[2026-06-21 19:00:01] [INFO] ✅ HTTP respondendo (200)
[2026-06-21 19:00:01] [WARN] ⚠️ WhatsApp: Aguardando
[2026-06-21 19:00:01] [INFO] ✅ Chrome: 247MB (PID 971520)
[2026-06-21 19:00:01] [INFO] ✅ Disco: 63% usado
[2026-06-21 19:00:03] [INFO] Notificação enviada para grupo Server_notification
[2026-06-21 20:00:01] [INFO] ✅ HTTP respondendo (200)
[2026-06-21 20:00:01] [WARN] ⚠️ WhatsApp: Aguardando
[2026-06-21 20:00:01] [INFO] ✅ Chrome: 242MB (PID 971520)
[2026-06-21 20:00:01] [INFO] ✅ Disco: 63% usado
[2026-06-21 20:00:03] [INFO] Notificação enviada para grupo Server_notification
[2026-06-21 21:00:01] [INFO] ✅ HTTP respondendo (200)
[2026-06-21 21:00:01] [WARN] ⚠️ WhatsApp: Aguardando
[2026-06-21 21:00:01] [INFO] ✅ Chrome: 251MB (PID 971520)
[2026-06-21 21:00:01] [INFO] ✅ Disco: 63% usado
[2026-06-21 21:00:03] [INFO] Notificação enviada para grupo Server_notification
[2026-06-21 22:00:01] [INFO] ✅ HTTP respondendo (200)
[2026-06-21 22:00:01] [WARN] ⚠️ WhatsApp: Aguardando
[2026-06-21 22:00:01] [INFO] ✅ Chrome: 254MB (PID 971520)
[2026-06-21 22:00:01] [INFO] ✅ Disco: 63% usado
[2026-06-21 22:00:03] [INFO] Notificação enviada para grupo Server_notification
[2026-06-21 23:00:01] [INFO] ✅ HTTP respondendo (200)
[2026-06-21 23:00:01] [WARN] ⚠️ WhatsApp: Aguardando leitura de QR Code (acesse /api/qrcode para escanear)
[2026-06-21 23:00:01] [INFO] ✅ Chrome: 209MB (PID 2375221)
[2026-06-21 23:00:01] [INFO] ✅ Disco: 63% usado
[2026-06-21 23:00:03] [INFO] Notificação enviada para grupo Server_notification
