[2026-06-19 00:00:01] [ERRO] ❌ HTTP não respondeu (código: 307)
[2026-06-19 00:00:01] [INFO] ✅ WhatsApp: Conectado
[2026-06-19 00:00:01] [INFO] ✅ Chrome: 369MB (PID 2636121)
[2026-06-19 00:00:01] [INFO] ✅ Disco: 65% usado
[2026-06-19 00:00:02] [INFO] Notificação enviada para grupo Server_notification
[2026-06-19 01:00:01] [ERRO] ❌ HTTP não respondeu (código: 307)
[2026-06-19 01:00:01] [INFO] ✅ WhatsApp: Conectado
[2026-06-19 01:00:01] [INFO] ✅ Chrome: 370MB (PID 2636121)
[2026-06-19 01:00:01] [INFO] ✅ Disco: 65% usado
[2026-06-19 01:00:02] [INFO] Notificação enviada para grupo Server_notification
[2026-06-19 02:00:01] [ERRO] ❌ HTTP não respondeu (código: 307)
[2026-06-19 02:00:01] [INFO] ✅ WhatsApp: Conectado
[2026-06-19 02:00:01] [INFO] ✅ Chrome: 368MB (PID 2636121)
[2026-06-19 02:00:01] [INFO] ✅ Disco: 65% usado
[2026-06-19 02:00:02] [INFO] Notificação enviada para grupo Server_notification
[2026-06-19 03:00:01] [ERRO] ❌ HTTP não respondeu (código: 307)
[2026-06-19 03:00:01] [INFO] ✅ WhatsApp: Conectado
[2026-06-19 03:00:01] [INFO] ✅ Chrome: 368MB (PID 2636121)
[2026-06-19 03:00:01] [INFO] ✅ Disco: 65% usado
[2026-06-19 03:00:02] [INFO] Notificação enviada para grupo Server_notification
[2026-06-19 04:00:01] [ERRO] ❌ HTTP não respondeu (código: 307)
[2026-06-19 04:00:01] [INFO] ✅ WhatsApp: Conectado
[2026-06-19 04:00:01] [INFO] ✅ Chrome: 370MB (PID 2636121)
[2026-06-19 04:00:01] [INFO] ✅ Disco: 65% usado
[2026-06-19 04:00:02] [INFO] Notificação enviada para grupo Server_notification
[2026-06-19 05:00:01] [ERRO] ❌ HTTP não respondeu (código: 307)
[2026-06-19 05:00:01] [INFO] ✅ WhatsApp: Conectado
[2026-06-19 05:00:01] [INFO] ✅ Chrome: 367MB (PID 2636121)
[2026-06-19 05:00:01] [INFO] ✅ Disco: 65% usado
[2026-06-19 05:00:02] [INFO] Notificação enviada para grupo Server_notification
[2026-06-19 06:00:01] [ERRO] ❌ HTTP não respondeu (código: 307)
[2026-06-19 06:00:02] [INFO] ✅ WhatsApp: Conectado
[2026-06-19 06:00:02] [INFO] ✅ Chrome: 368MB (PID 2636121)
[2026-06-19 06:00:02] [INFO] ✅ Disco: 65% usado
[2026-06-19 06:00:03] [INFO] Notificação enviada para grupo Server_notification
[2026-06-19 07:00:01] [ERRO] ❌ HTTP não respondeu (código: 307)
[2026-06-19 07:00:01] [INFO] ✅ WhatsApp: Conectado
[2026-06-19 07:00:01] [INFO] ✅ Chrome: 371MB (PID 2636121)
[2026-06-19 07:00:01] [INFO] ✅ Disco: 65% usado
[2026-06-19 07:00:02] [INFO] Notificação enviada para grupo Server_notification
[2026-06-19 08:00:01] [ERRO] ❌ HTTP não respondeu (código: 307)
[2026-06-19 08:00:01] [INFO] ✅ WhatsApp: Conectado
[2026-06-19 08:00:02] [INFO] ✅ Chrome: 367MB (PID 2636121)
[2026-06-19 08:00:02] [INFO] ✅ Disco: 65% usado
[2026-06-19 08:00:02] [INFO] Notificação enviada para grupo Server_notification
[2026-06-19 09:00:01] [ERRO] ❌ HTTP não respondeu (código: 307)
[2026-06-19 09:00:01] [INFO] ✅ WhatsApp: Conectado
[2026-06-19 09:00:02] [INFO] ✅ Chrome: 369MB (PID 2636121)
[2026-06-19 09:00:02] [INFO] ✅ Disco: 65% usado
[2026-06-19 09:00:02] [INFO] Notificação enviada para grupo Server_notification
[2026-06-19 10:00:01] [ERRO] ❌ HTTP não respondeu (código: 307)
[2026-06-19 10:00:01] [INFO] ✅ WhatsApp: Conectado
[2026-06-19 10:00:01] [INFO] ✅ Chrome: 370MB (PID 2636121)
[2026-06-19 10:00:01] [INFO] ✅ Disco: 65% usado
[2026-06-19 10:00:02] [INFO] Notificação enviada para grupo Server_notification
[2026-06-19 11:00:01] [ERRO] ❌ HTTP não respondeu (código: 307)
[2026-06-19 11:00:02] [INFO] ✅ WhatsApp: Conectado
[2026-06-19 11:00:02] [INFO] ✅ Chrome: 369MB (PID 2636121)
[2026-06-19 11:00:02] [INFO] ✅ Disco: 65% usado
[2026-06-19 11:00:03] [INFO] Notificação enviada para grupo Server_notification
[2026-06-19 12:00:01] [ERRO] ❌ HTTP não respondeu (código: 307)
[2026-06-19 12:00:01] [INFO] ✅ WhatsApp: Conectado
[2026-06-19 12:00:01] [INFO] ✅ Chrome: 369MB (PID 2636121)
[2026-06-19 12:00:01] [INFO] ✅ Disco: 65% usado
[2026-06-19 12:00:02] [INFO] Notificação enviada para grupo Server_notification
[2026-06-19 13:00:02] [ERRO] ❌ HTTP não respondeu (código: 307)
[2026-06-19 13:00:02] [INFO] ✅ WhatsApp: Conectado
[2026-06-19 13:00:02] [INFO] ✅ Chrome: 373MB (PID 2636121)
[2026-06-19 13:00:02] [INFO] ✅ Disco: 65% usado
[2026-06-19 13:00:03] [INFO] Notificação enviada para grupo Server_notification
[2026-06-19 14:00:01] [ERRO] ❌ HTTP não respondeu (código: 307)
[2026-06-19 14:00:01] [INFO] ✅ WhatsApp: Conectado
[2026-06-19 14:00:01] [INFO] ✅ Chrome: 368MB (PID 2636121)
[2026-06-19 14:00:01] [INFO] ✅ Disco: 65% usado
[2026-06-19 14:00:02] [INFO] Notificação enviada para grupo Server_notification
[2026-06-19 15:00:01] [ERRO] ❌ HTTP não respondeu (código: 307)
[2026-06-19 15:00:01] [INFO] ✅ WhatsApp: Conectado
[2026-06-19 15:00:01] [INFO] ✅ Chrome: 366MB (PID 2636121)
[2026-06-19 15:00:01] [INFO] ✅ Disco: 65% usado
[2026-06-19 15:00:02] [INFO] Notificação enviada para grupo Server_notification
[2026-06-19 16:00:01] [ERRO] ❌ HTTP não respondeu (código: 307)
[2026-06-19 16:00:01] [INFO] ✅ WhatsApp: Conectado
[2026-06-19 16:00:01] [INFO] ✅ Chrome: 371MB (PID 2636121)
[2026-06-19 16:00:01] [INFO] ✅ Disco: 65% usado
[2026-06-19 16:00:02] [INFO] Notificação enviada para grupo Server_notification
[2026-06-19 17:00:01] [ERRO] ❌ HTTP não respondeu (código: 307)
[2026-06-19 17:00:01] [INFO] ✅ WhatsApp: Conectado
[2026-06-19 17:00:02] [INFO] ✅ Chrome: 371MB (PID 2636121)
[2026-06-19 17:00:02] [INFO] ✅ Disco: 65% usado
[2026-06-19 17:00:02] [INFO] Notificação enviada para grupo Server_notification
[2026-06-19 18:00:01] [ERRO] ❌ HTTP não respondeu (código: 307)
[2026-06-19 18:00:01] [INFO] ✅ WhatsApp: Conectado
[2026-06-19 18:00:01] [INFO] ✅ Chrome: 371MB (PID 2636121)
[2026-06-19 18:00:01] [INFO] ✅ Disco: 65% usado
[2026-06-19 18:00:02] [INFO] Notificação enviada para grupo Server_notification
[2026-06-19 19:00:01] [ERRO] ❌ HTTP não respondeu (código: 307)
[2026-06-19 19:00:01] [INFO] ✅ WhatsApp: Conectado
[2026-06-19 19:00:02] [INFO] ✅ Chrome: 369MB (PID 2636121)
[2026-06-19 19:00:02] [INFO] ✅ Disco: 65% usado
[2026-06-19 19:00:02] [INFO] Notificação enviada para grupo Server_notification
[2026-06-19 20:00:01] [ERRO] ❌ HTTP não respondeu (código: 307)
[2026-06-19 20:00:01] [INFO] ✅ WhatsApp: Conectado
[2026-06-19 20:00:01] [INFO] ✅ Chrome: 372MB (PID 2636121)
[2026-06-19 20:00:01] [INFO] ✅ Disco: 65% usado
[2026-06-19 20:00:02] [INFO] Notificação enviada para grupo Server_notification
[2026-06-19 21:00:01] [ERRO] ❌ HTTP não respondeu (código: 307)
[2026-06-19 21:00:01] [INFO] ✅ WhatsApp: Conectado
[2026-06-19 21:00:01] [INFO] ✅ Chrome: 371MB (PID 2636121)
[2026-06-19 21:00:01] [INFO] ✅ Disco: 65% usado
[2026-06-19 21:00:02] [INFO] Notificação enviada para grupo Server_notification
[2026-06-19 22:00:01] [ERRO] ❌ HTTP não respondeu (código: 307)
[2026-06-19 22:00:01] [INFO] ✅ WhatsApp: Conectado
[2026-06-19 22:00:01] [INFO] ✅ Chrome: 371MB (PID 2636121)
[2026-06-19 22:00:01] [INFO] ✅ Disco: 65% usado
[2026-06-19 22:00:02] [INFO] Notificação enviada para grupo Server_notification
[2026-06-19 23:00:02] [ERRO] ❌ HTTP não respondeu (código: 307)
[2026-06-19 23:00:02] [INFO] ✅ WhatsApp: Conectado
[2026-06-19 23:00:02] [INFO] ✅ Chrome: 372MB (PID 2636121)
[2026-06-19 23:00:02] [INFO] ✅ Disco: 65% usado
[2026-06-19 23:00:03] [INFO] Notificação enviada para grupo Server_notification
