[2026-07-01 00:00:01] [INFO] ✅ HTTP respondendo (200)
[2026-07-01 00:00:02] [WARN] ⚠️ WhatsApp: Aguardando leitura de QR Code (acesse /api/qrcode para escanear)
[2026-07-01 00:00:02] [INFO] ✅ Chrome: 494MB (PID 3816214)
[2026-07-01 00:00:02] [INFO] ✅ Disco: 85% usado
[2026-07-01 00:00:02] [WARN] Falha no grupo, tentando fallback...
[2026-07-01 00:00:02] [ERRO] FALHA CRÍTICA: não foi possível enviar notificação
[2026-07-01 01:00:01] [INFO] ✅ HTTP respondendo (200)
[2026-07-01 01:00:01] [WARN] ⚠️ WhatsApp: Aguardando leitura de QR Code (acesse /api/qrcode para escanear)
[2026-07-01 01:00:01] [INFO] ✅ Chrome: 495MB (PID 3816214)
[2026-07-01 01:00:01] [INFO] ✅ Disco: 85% usado
[2026-07-01 01:00:01] [WARN] Falha no grupo, tentando fallback...
[2026-07-01 01:00:01] [ERRO] FALHA CRÍTICA: não foi possível enviar notificação
[2026-07-01 02:00:01] [INFO] ✅ HTTP respondendo (200)
[2026-07-01 02:00:01] [WARN] ⚠️ WhatsApp: Aguardando leitura de QR Code (acesse /api/qrcode para escanear)
[2026-07-01 02:00:01] [INFO] ✅ Chrome: 496MB (PID 3816214)
[2026-07-01 02:00:01] [INFO] ✅ Disco: 85% usado
[2026-07-01 02:00:01] [WARN] Falha no grupo, tentando fallback...
[2026-07-01 02:00:01] [ERRO] FALHA CRÍTICA: não foi possível enviar notificação
[2026-07-01 03:00:01] [INFO] ✅ HTTP respondendo (200)
[2026-07-01 03:00:01] [WARN] ⚠️ WhatsApp: Aguardando leitura de QR Code (acesse /api/qrcode para escanear)
[2026-07-01 03:00:01] [INFO] ✅ Chrome: 497MB (PID 3816214)
[2026-07-01 03:00:01] [INFO] ✅ Disco: 85% usado
[2026-07-01 03:00:01] [WARN] Falha no grupo, tentando fallback...
[2026-07-01 03:00:01] [ERRO] FALHA CRÍTICA: não foi possível enviar notificação
[2026-07-01 04:00:01] [INFO] ✅ HTTP respondendo (200)
[2026-07-01 04:00:02] [WARN] ⚠️ WhatsApp: Aguardando leitura de QR Code (acesse /api/qrcode para escanear)
[2026-07-01 04:00:02] [INFO] ✅ Chrome: 500MB (PID 3816214)
[2026-07-01 04:00:02] [INFO] ✅ Disco: 85% usado
[2026-07-01 04:00:02] [WARN] Falha no grupo, tentando fallback...
[2026-07-01 04:00:02] [ERRO] FALHA CRÍTICA: não foi possível enviar notificação
[2026-07-01 05:00:01] [INFO] ✅ HTTP respondendo (200)
[2026-07-01 05:00:01] [WARN] ⚠️ WhatsApp: Aguardando leitura de QR Code (acesse /api/qrcode para escanear)
[2026-07-01 05:00:01] [INFO] ✅ Chrome: 501MB (PID 3816214)
[2026-07-01 05:00:01] [INFO] ✅ Disco: 85% usado
[2026-07-01 05:00:01] [WARN] Falha no grupo, tentando fallback...
[2026-07-01 05:00:01] [ERRO] FALHA CRÍTICA: não foi possível enviar notificação
[2026-07-01 06:00:01] [INFO] ✅ HTTP respondendo (200)
[2026-07-01 06:00:01] [WARN] ⚠️ WhatsApp: Aguardando leitura de QR Code (acesse /api/qrcode para escanear)
[2026-07-01 06:00:01] [INFO] ✅ Chrome: 506MB (PID 3816214)
[2026-07-01 06:00:01] [INFO] ✅ Disco: 85% usado
[2026-07-01 06:00:02] [WARN] Falha no grupo, tentando fallback...
[2026-07-01 06:00:02] [ERRO] FALHA CRÍTICA: não foi possível enviar notificação
[2026-07-01 07:00:01] [INFO] ✅ HTTP respondendo (200)
[2026-07-01 07:00:01] [WARN] ⚠️ WhatsApp: Aguardando leitura de QR Code (acesse /api/qrcode para escanear)
[2026-07-01 07:00:01] [INFO] ✅ Chrome: 576MB (PID 1100370)
[2026-07-01 07:00:01] [INFO] ✅ Disco: 84% usado
[2026-07-01 07:00:01] [WARN] Falha no grupo, tentando fallback...
[2026-07-01 07:00:01] [ERRO] FALHA CRÍTICA: não foi possível enviar notificação
[2026-07-01 08:00:01] [INFO] ✅ HTTP respondendo (200)
[2026-07-01 08:00:02] [WARN] ⚠️ WhatsApp: Aguardando leitura de QR Code (acesse /api/qrcode para escanear)
[2026-07-01 08:00:02] [INFO] ✅ Chrome: 211MB (PID 1100370)
[2026-07-01 08:00:02] [INFO] ✅ Disco: 84% usado
[2026-07-01 08:00:02] [WARN] Falha no grupo, tentando fallback...
[2026-07-01 08:00:02] [ERRO] FALHA CRÍTICA: não foi possível enviar notificação
[2026-07-01 09:00:01] [INFO] ✅ HTTP respondendo (200)
[2026-07-01 09:00:01] [WARN] ⚠️ WhatsApp: Aguardando leitura de QR Code (acesse /api/qrcode para escanear)
[2026-07-01 09:00:01] [INFO] ✅ Chrome: 214MB (PID 1100370)
[2026-07-01 09:00:01] [INFO] ✅ Disco: 84% usado
[2026-07-01 09:00:01] [WARN] Falha no grupo, tentando fallback...
[2026-07-01 09:00:02] [ERRO] FALHA CRÍTICA: não foi possível enviar notificação
[2026-07-01 10:00:01] [INFO] ✅ HTTP respondendo (200)
[2026-07-01 10:00:01] [WARN] ⚠️ WhatsApp: Aguardando leitura de QR Code (acesse /api/qrcode para escanear)
[2026-07-01 10:00:02] [INFO] ✅ Chrome: 218MB (PID 1100370)
[2026-07-01 10:00:02] [INFO] ✅ Disco: 84% usado
[2026-07-01 10:00:02] [WARN] Falha no grupo, tentando fallback...
[2026-07-01 10:00:02] [ERRO] FALHA CRÍTICA: não foi possível enviar notificação
[2026-07-01 11:00:02] [INFO] ✅ HTTP respondendo (200)
[2026-07-01 11:00:02] [WARN] ⚠️ WhatsApp: Aguardando leitura de QR Code (acesse /api/qrcode para escanear)
[2026-07-01 11:00:02] [INFO] ✅ Chrome: 221MB (PID 1100370)
[2026-07-01 11:00:02] [INFO] ✅ Disco: 84% usado
[2026-07-01 11:00:02] [WARN] Falha no grupo, tentando fallback...
[2026-07-01 11:00:02] [ERRO] FALHA CRÍTICA: não foi possível enviar notificação
[2026-07-01 12:00:01] [INFO] ✅ HTTP respondendo (200)
[2026-07-01 12:00:01] [WARN] ⚠️ WhatsApp: Aguardando leitura de QR Code (acesse /api/qrcode para escanear)
[2026-07-01 12:00:02] [INFO] ✅ Chrome: 222MB (PID 1100370)
[2026-07-01 12:00:02] [INFO] ✅ Disco: 85% usado
[2026-07-01 12:00:02] [WARN] Falha no grupo, tentando fallback...
[2026-07-01 12:00:02] [ERRO] FALHA CRÍTICA: não foi possível enviar notificação
[2026-07-01 13:00:01] [INFO] ✅ HTTP respondendo (200)
[2026-07-01 13:00:01] [WARN] ⚠️ WhatsApp: Aguardando leitura de QR Code (acesse /api/qrcode para escanear)
[2026-07-01 13:00:01] [INFO] ✅ Chrome: 222MB (PID 1100370)
[2026-07-01 13:00:01] [INFO] ✅ Disco: 85% usado
[2026-07-01 13:00:01] [WARN] Falha no grupo, tentando fallback...
[2026-07-01 13:00:01] [ERRO] FALHA CRÍTICA: não foi possível enviar notificação
[2026-07-01 14:00:01] [INFO] ✅ HTTP respondendo (200)
[2026-07-01 14:00:01] [WARN] ⚠️ WhatsApp: Aguardando leitura de QR Code (acesse /api/qrcode para escanear)
[2026-07-01 14:00:01] [INFO] ✅ Chrome: 226MB (PID 1100370)
[2026-07-01 14:00:01] [INFO] ✅ Disco: 85% usado
[2026-07-01 14:00:01] [WARN] Falha no grupo, tentando fallback...
[2026-07-01 14:00:01] [ERRO] FALHA CRÍTICA: não foi possível enviar notificação
[2026-07-01 15:00:01] [INFO] ✅ HTTP respondendo (200)
[2026-07-01 15:00:01] [WARN] ⚠️ WhatsApp: Aguardando leitura de QR Code (acesse /api/qrcode para escanear)
[2026-07-01 15:00:02] [INFO] ✅ Chrome: 227MB (PID 1100370)
[2026-07-01 15:00:02] [INFO] ✅ Disco: 85% usado
[2026-07-01 15:00:02] [WARN] Falha no grupo, tentando fallback...
[2026-07-01 15:00:02] [ERRO] FALHA CRÍTICA: não foi possível enviar notificação
[2026-07-01 16:00:01] [INFO] ✅ HTTP respondendo (200)
[2026-07-01 16:00:01] [WARN] ⚠️ WhatsApp: Aguardando leitura de QR Code (acesse /api/qrcode para escanear)
[2026-07-01 16:00:02] [INFO] ✅ Chrome: 231MB (PID 1100370)
[2026-07-01 16:00:02] [INFO] ✅ Disco: 84% usado
[2026-07-01 16:00:02] [WARN] Falha no grupo, tentando fallback...
[2026-07-01 16:00:02] [ERRO] FALHA CRÍTICA: não foi possível enviar notificação
[2026-07-01 17:00:01] [INFO] ✅ HTTP respondendo (200)
[2026-07-01 17:00:01] [WARN] ⚠️ WhatsApp: Aguardando leitura de QR Code (acesse /api/qrcode para escanear)
[2026-07-01 17:00:02] [INFO] ✅ Chrome: 235MB (PID 1100370)
[2026-07-01 17:00:02] [INFO] ✅ Disco: 84% usado
[2026-07-01 17:00:02] [WARN] Falha no grupo, tentando fallback...
[2026-07-01 17:00:02] [ERRO] FALHA CRÍTICA: não foi possível enviar notificação
[2026-07-01 18:00:01] [INFO] ✅ HTTP respondendo (200)
[2026-07-01 18:00:01] [WARN] ⚠️ WhatsApp: Aguardando leitura de QR Code (acesse /api/qrcode para escanear)
[2026-07-01 18:00:01] [INFO] ✅ Chrome: 236MB (PID 1100370)
[2026-07-01 18:00:01] [INFO] ✅ Disco: 84% usado
[2026-07-01 18:00:02] [WARN] Falha no grupo, tentando fallback...
[2026-07-01 18:00:02] [ERRO] FALHA CRÍTICA: não foi possível enviar notificação
[2026-07-01 19:00:01] [INFO] ✅ HTTP respondendo (200)
[2026-07-01 19:00:01] [WARN] ⚠️ WhatsApp: Aguardando leitura de QR Code (acesse /api/qrcode para escanear)
[2026-07-01 19:00:01] [INFO] ✅ Chrome: 237MB (PID 1100370)
[2026-07-01 19:00:01] [INFO] ✅ Disco: 84% usado
[2026-07-01 19:00:01] [WARN] Falha no grupo, tentando fallback...
[2026-07-01 19:00:01] [ERRO] FALHA CRÍTICA: não foi possível enviar notificação
[2026-07-01 20:00:01] [INFO] ✅ HTTP respondendo (200)
[2026-07-01 20:00:01] [WARN] ⚠️ WhatsApp: Aguardando leitura de QR Code (acesse /api/qrcode para escanear)
[2026-07-01 20:00:02] [INFO] ✅ Chrome: 241MB (PID 1100370)
[2026-07-01 20:00:02] [INFO] ✅ Disco: 85% usado
[2026-07-01 20:00:02] [WARN] Falha no grupo, tentando fallback...
[2026-07-01 20:00:02] [ERRO] FALHA CRÍTICA: não foi possível enviar notificação
[2026-07-01 21:00:02] [INFO] ✅ HTTP respondendo (200)
[2026-07-01 21:00:02] [WARN] ⚠️ WhatsApp: Aguardando leitura de QR Code (acesse /api/qrcode para escanear)
[2026-07-01 21:00:02] [INFO] ✅ Chrome: 244MB (PID 1100370)
[2026-07-01 21:00:02] [INFO] ✅ Disco: 85% usado
[2026-07-01 21:00:02] [WARN] Falha no grupo, tentando fallback...
[2026-07-01 21:00:02] [ERRO] FALHA CRÍTICA: não foi possível enviar notificação
[2026-07-01 22:00:01] [INFO] ✅ HTTP respondendo (200)
[2026-07-01 22:00:01] [WARN] ⚠️ WhatsApp: Aguardando leitura de QR Code (acesse /api/qrcode para escanear)
[2026-07-01 22:00:01] [INFO] ✅ Chrome: 251MB (PID 1100370)
[2026-07-01 22:00:01] [INFO] ✅ Disco: 85% usado
[2026-07-01 22:00:01] [WARN] Falha no grupo, tentando fallback...
[2026-07-01 22:00:01] [ERRO] FALHA CRÍTICA: não foi possível enviar notificação
[2026-07-01 23:00:02] [INFO] ✅ HTTP respondendo (200)
[2026-07-01 23:00:02] [WARN] ⚠️ WhatsApp: Aguardando leitura de QR Code (acesse /api/qrcode para escanear)
[2026-07-01 23:00:02] [INFO] ✅ Chrome: 250MB (PID 1100370)
[2026-07-01 23:00:02] [INFO] ✅ Disco: 85% usado
[2026-07-01 23:00:02] [WARN] Falha no grupo, tentando fallback...
[2026-07-01 23:00:02] [ERRO] FALHA CRÍTICA: não foi possível enviar notificação
