[2026-06-22 00:00:01] [INFO] ✅ HTTP respondendo (200)
[2026-06-22 00:00:01] [WARN] ⚠️ WhatsApp: Aguardando leitura de QR Code (acesse /api/qrcode para escanear)
[2026-06-22 00:00:02] [INFO] ✅ Chrome: 210MB (PID 2375221)
[2026-06-22 00:00:02] [INFO] ✅ Disco: 63% usado
[2026-06-22 00:00:03] [INFO] Notificação enviada para grupo Server_notification
[2026-06-22 01:00:01] [INFO] ✅ HTTP respondendo (200)
[2026-06-22 01:00:01] [WARN] ⚠️ WhatsApp: Aguardando leitura de QR Code (acesse /api/qrcode para escanear)
[2026-06-22 01:00:01] [INFO] ✅ Chrome: 212MB (PID 2375221)
[2026-06-22 01:00:01] [INFO] ✅ Disco: 63% usado
[2026-06-22 01:00:03] [INFO] Notificação enviada para grupo Server_notification
[2026-06-22 02:00:01] [INFO] ✅ HTTP respondendo (200)
[2026-06-22 02:00:01] [WARN] ⚠️ WhatsApp: Aguardando leitura de QR Code (acesse /api/qrcode para escanear)
[2026-06-22 02:00:01] [INFO] ✅ Chrome: 216MB (PID 2375221)
[2026-06-22 02:00:01] [INFO] ✅ Disco: 63% usado
[2026-06-22 02:00:03] [INFO] Notificação enviada para grupo Server_notification
[2026-06-22 03:00:01] [INFO] ✅ HTTP respondendo (200)
[2026-06-22 03:00:01] [WARN] ⚠️ WhatsApp: Aguardando leitura de QR Code (acesse /api/qrcode para escanear)
[2026-06-22 03:00:02] [INFO] ✅ Chrome: 220MB (PID 2375221)
[2026-06-22 03:00:02] [INFO] ✅ Disco: 63% usado
[2026-06-22 03:00:03] [INFO] Notificação enviada para grupo Server_notification
[2026-06-22 04:00:02] [INFO] ✅ HTTP respondendo (200)
[2026-06-22 04:00:02] [WARN] ⚠️ WhatsApp: Aguardando leitura de QR Code (acesse /api/qrcode para escanear)
[2026-06-22 04:00:02] [INFO] ✅ Chrome: 223MB (PID 2375221)
[2026-06-22 04:00:02] [INFO] ✅ Disco: 63% usado
[2026-06-22 04:00:03] [INFO] Notificação enviada para grupo Server_notification
[2026-06-22 05:00:01] [INFO] ✅ HTTP respondendo (200)
[2026-06-22 05:00:01] [WARN] ⚠️ WhatsApp: Aguardando leitura de QR Code (acesse /api/qrcode para escanear)
[2026-06-22 05:00:02] [INFO] ✅ Chrome: 236MB (PID 2375221)
[2026-06-22 05:00:02] [INFO] ✅ Disco: 63% usado
[2026-06-22 05:00:04] [INFO] Notificação enviada para grupo Server_notification
[2026-06-22 06:00:01] [INFO] ✅ HTTP respondendo (200)
[2026-06-22 06:00:01] [WARN] ⚠️ WhatsApp: Aguardando leitura de QR Code (acesse /api/qrcode para escanear)
[2026-06-22 06:00:02] [INFO] ✅ Chrome: 226MB (PID 2375221)
[2026-06-22 06:00:02] [INFO] ✅ Disco: 63% usado
[2026-06-22 06:00:03] [INFO] Notificação enviada para grupo Server_notification
[2026-06-22 07:00:01] [INFO] ✅ HTTP respondendo (200)
[2026-06-22 07:00:01] [WARN] ⚠️ WhatsApp: Aguardando leitura de QR Code (acesse /api/qrcode para escanear)
[2026-06-22 07:00:01] [INFO] ✅ Chrome: 230MB (PID 2375221)
[2026-06-22 07:00:01] [INFO] ✅ Disco: 63% usado
[2026-06-22 07:00:03] [INFO] Notificação enviada para grupo Server_notification
[2026-06-22 08:00:01] [INFO] ✅ HTTP respondendo (200)
[2026-06-22 08:00:01] [WARN] ⚠️ WhatsApp: Aguardando leitura de QR Code (acesse /api/qrcode para escanear)
[2026-06-22 08:00:01] [INFO] ✅ Chrome: 231MB (PID 2375221)
[2026-06-22 08:00:01] [INFO] ✅ Disco: 63% usado
[2026-06-22 08:00:03] [INFO] Notificação enviada para grupo Server_notification
[2026-06-22 09:00:01] [INFO] ✅ HTTP respondendo (200)
[2026-06-22 09:00:01] [WARN] ⚠️ WhatsApp: Aguardando leitura de QR Code (acesse /api/qrcode para escanear)
[2026-06-22 09:00:01] [INFO] ✅ Chrome: 237MB (PID 2375221)
[2026-06-22 09:00:01] [INFO] ✅ Disco: 63% usado
[2026-06-22 09:00:03] [INFO] Notificação enviada para grupo Server_notification
[2026-06-22 10:00:02] [INFO] ✅ HTTP respondendo (200)
[2026-06-22 10:00:02] [WARN] ⚠️ WhatsApp: Aguardando leitura de QR Code (acesse /api/qrcode para escanear)
[2026-06-22 10:00:02] [INFO] ✅ Chrome: 237MB (PID 2375221)
[2026-06-22 10:00:02] [INFO] ✅ Disco: 64% usado
[2026-06-22 10:00:04] [INFO] Notificação enviada para grupo Server_notification
[2026-06-22 11:00:02] [INFO] ✅ HTTP respondendo (200)
[2026-06-22 11:00:02] [WARN] ⚠️ WhatsApp: Aguardando leitura de QR Code (acesse /api/qrcode para escanear)
[2026-06-22 11:00:02] [INFO] ✅ Chrome: 238MB (PID 2375221)
[2026-06-22 11:00:02] [INFO] ✅ Disco: 64% usado
[2026-06-22 11:00:03] [INFO] Notificação enviada para grupo Server_notification
[2026-06-22 12:00:01] [INFO] ✅ HTTP respondendo (200)
[2026-06-22 12:00:01] [WARN] ⚠️ WhatsApp: Aguardando leitura de QR Code (acesse /api/qrcode para escanear)
[2026-06-22 12:00:01] [INFO] ✅ Chrome: 242MB (PID 2375221)
[2026-06-22 12:00:01] [INFO] ✅ Disco: 64% usado
[2026-06-22 12:00:03] [INFO] Notificação enviada para grupo Server_notification
[2026-06-22 13:00:02] [INFO] ✅ HTTP respondendo (200)
[2026-06-22 13:00:02] [WARN] ⚠️ WhatsApp: Aguardando leitura de QR Code (acesse /api/qrcode para escanear)
[2026-06-22 13:00:02] [INFO] ✅ Chrome: 246MB (PID 2375221)
[2026-06-22 13:00:02] [INFO] ✅ Disco: 64% usado
[2026-06-22 13:00:04] [INFO] Notificação enviada para grupo Server_notification
[2026-06-22 14:00:01] [INFO] ✅ HTTP respondendo (200)
[2026-06-22 14:00:01] [WARN] ⚠️ WhatsApp: Aguardando leitura de QR Code (acesse /api/qrcode para escanear)
[2026-06-22 14:00:01] [INFO] ✅ Chrome: 245MB (PID 2375221)
[2026-06-22 14:00:01] [INFO] ✅ Disco: 64% usado
[2026-06-22 14:00:03] [INFO] Notificação enviada para grupo Server_notification
[2026-06-22 15:00:01] [INFO] ✅ HTTP respondendo (200)
[2026-06-22 15:00:01] [WARN] ⚠️ WhatsApp: Aguardando leitura de QR Code (acesse /api/qrcode para escanear)
[2026-06-22 15:00:01] [INFO] ✅ Chrome: 247MB (PID 2375221)
[2026-06-22 15:00:01] [INFO] ✅ Disco: 64% usado
[2026-06-22 15:00:03] [INFO] Notificação enviada para grupo Server_notification
[2026-06-22 16:00:01] [INFO] ✅ HTTP respondendo (200)
[2026-06-22 16:00:02] [WARN] ⚠️ WhatsApp: Aguardando leitura de QR Code (acesse /api/qrcode para escanear)
[2026-06-22 16:00:02] [INFO] ✅ Chrome: 251MB (PID 2375221)
[2026-06-22 16:00:02] [INFO] ✅ Disco: 64% usado
[2026-06-22 16:00:02] [INFO] Notificação enviada para grupo Server_notification
[2026-06-22 17:00:01] [INFO] ✅ HTTP respondendo (200)
[2026-06-22 17:00:01] [WARN] ⚠️ WhatsApp: Aguardando leitura de QR Code (acesse /api/qrcode para escanear)
[2026-06-22 17:00:01] [INFO] ✅ Chrome: 253MB (PID 2375221)
[2026-06-22 17:00:01] [INFO] ✅ Disco: 64% usado
[2026-06-22 17:00:03] [INFO] Notificação enviada para grupo Server_notification
[2026-06-22 18:00:02] [INFO] ✅ HTTP respondendo (200)
[2026-06-22 18:00:02] [WARN] ⚠️ WhatsApp: Aguardando leitura de QR Code (acesse /api/qrcode para escanear)
[2026-06-22 18:00:02] [INFO] ✅ Chrome: 257MB (PID 2375221)
[2026-06-22 18:00:02] [INFO] ✅ Disco: 64% usado
[2026-06-22 18:00:04] [INFO] Notificação enviada para grupo Server_notification
[2026-06-22 19:00:01] [INFO] ✅ HTTP respondendo (200)
[2026-06-22 19:00:01] [WARN] ⚠️ WhatsApp: Aguardando leitura de QR Code (acesse /api/qrcode para escanear)
[2026-06-22 19:00:01] [INFO] ✅ Chrome: 260MB (PID 2375221)
[2026-06-22 19:00:01] [INFO] ✅ Disco: 64% usado
[2026-06-22 19:00:03] [INFO] Notificação enviada para grupo Server_notification
[2026-06-22 20:00:01] [INFO] ✅ HTTP respondendo (200)
[2026-06-22 20:00:01] [WARN] ⚠️ WhatsApp: Aguardando leitura de QR Code (acesse /api/qrcode para escanear)
[2026-06-22 20:00:01] [INFO] ✅ Chrome: 261MB (PID 2375221)
[2026-06-22 20:00:01] [INFO] ✅ Disco: 64% usado
[2026-06-22 20:00:03] [INFO] Notificação enviada para grupo Server_notification
[2026-06-22 21:00:01] [INFO] ✅ HTTP respondendo (200)
[2026-06-22 21:00:01] [WARN] ⚠️ WhatsApp: Aguardando leitura de QR Code (acesse /api/qrcode para escanear)
[2026-06-22 21:00:02] [INFO] ✅ Chrome: 262MB (PID 2375221)
[2026-06-22 21:00:02] [INFO] ✅ Disco: 64% usado
[2026-06-22 21:00:03] [INFO] Notificação enviada para grupo Server_notification
[2026-06-22 22:00:01] [INFO] ✅ HTTP respondendo (200)
[2026-06-22 22:00:01] [WARN] ⚠️ WhatsApp: Aguardando leitura de QR Code (acesse /api/qrcode para escanear)
[2026-06-22 22:00:01] [INFO] ✅ Chrome: 263MB (PID 2375221)
[2026-06-22 22:00:01] [INFO] ✅ Disco: 64% usado
[2026-06-22 22:00:03] [INFO] Notificação enviada para grupo Server_notification
[2026-06-22 23:00:01] [INFO] ✅ HTTP respondendo (200)
[2026-06-22 23:00:01] [WARN] ⚠️ WhatsApp: Aguardando leitura de QR Code (acesse /api/qrcode para escanear)
[2026-06-22 23:00:02] [INFO] ✅ Chrome: 269MB (PID 2375221)
[2026-06-22 23:00:02] [INFO] ✅ Disco: 64% usado
[2026-06-22 23:00:03] [INFO] Notificação enviada para grupo Server_notification
