[2026-06-20 00:00:01] [ERRO] ❌ HTTP não respondeu (código: 307)
[2026-06-20 00:00:01] [INFO] ✅ WhatsApp: Conectado
[2026-06-20 00:00:02] [INFO] ✅ Chrome: 372MB (PID 2636121)
[2026-06-20 00:00:02] [INFO] ✅ Disco: 65% usado
[2026-06-20 00:00:02] [INFO] Notificação enviada para grupo Server_notification
[2026-06-20 01:00:01] [ERRO] ❌ HTTP não respondeu (código: 307)
[2026-06-20 01:00:01] [INFO] ✅ WhatsApp: Conectado
[2026-06-20 01:00:01] [INFO] ✅ Chrome: 369MB (PID 2636121)
[2026-06-20 01:00:01] [INFO] ✅ Disco: 65% usado
[2026-06-20 01:00:02] [INFO] Notificação enviada para grupo Server_notification
[2026-06-20 02:00:01] [ERRO] ❌ HTTP não respondeu (código: 307)
[2026-06-20 02:00:01] [INFO] ✅ WhatsApp: Conectado
[2026-06-20 02:00:01] [INFO] ✅ Chrome: 372MB (PID 2636121)
[2026-06-20 02:00:01] [INFO] ✅ Disco: 65% usado
[2026-06-20 02:00:02] [INFO] Notificação enviada para grupo Server_notification
[2026-06-20 03:00:01] [ERRO] ❌ HTTP não respondeu (código: 307)
[2026-06-20 03:00:01] [INFO] ✅ WhatsApp: Conectado
[2026-06-20 03:00:01] [INFO] ✅ Chrome: 374MB (PID 2636121)
[2026-06-20 03:00:01] [INFO] ✅ Disco: 65% usado
[2026-06-20 03:00:02] [INFO] Notificação enviada para grupo Server_notification
[2026-06-20 04:00:01] [ERRO] ❌ HTTP não respondeu (código: 307)
[2026-06-20 04:00:01] [INFO] ✅ WhatsApp: Conectado
[2026-06-20 04:00:02] [INFO] ✅ Chrome: 369MB (PID 2636121)
[2026-06-20 04:00:02] [INFO] ✅ Disco: 65% usado
[2026-06-20 04:00:02] [INFO] Notificação enviada para grupo Server_notification
[2026-06-20 05:00:01] [ERRO] ❌ HTTP não respondeu (código: 307)
[2026-06-20 05:00:02] [INFO] ✅ WhatsApp: Conectado
[2026-06-20 05:00:02] [INFO] ✅ Chrome: 370MB (PID 2636121)
[2026-06-20 05:00:02] [INFO] ✅ Disco: 65% usado
[2026-06-20 05:00:02] [INFO] Notificação enviada para grupo Server_notification
[2026-06-20 06:00:01] [ERRO] ❌ HTTP não respondeu (código: 307)
[2026-06-20 06:00:01] [INFO] ✅ WhatsApp: Conectado
[2026-06-20 06:00:01] [INFO] ✅ Chrome: 372MB (PID 2636121)
[2026-06-20 06:00:01] [INFO] ✅ Disco: 65% usado
[2026-06-20 06:00:02] [INFO] Notificação enviada para grupo Server_notification
[2026-06-20 07:00:01] [ERRO] ❌ HTTP não respondeu (código: 307)
[2026-06-20 07:00:01] [INFO] ✅ WhatsApp: Conectado
[2026-06-20 07:00:01] [INFO] ✅ Chrome: 374MB (PID 2636121)
[2026-06-20 07:00:01] [INFO] ✅ Disco: 65% usado
[2026-06-20 07:00:02] [INFO] Notificação enviada para grupo Server_notification
[2026-06-20 08:00:01] [ERRO] ❌ HTTP não respondeu (código: 307)
[2026-06-20 08:00:01] [INFO] ✅ WhatsApp: Conectado
[2026-06-20 08:00:01] [INFO] ✅ Chrome: 379MB (PID 2636121)
[2026-06-20 08:00:01] [INFO] ✅ Disco: 65% usado
[2026-06-20 08:00:03] [INFO] Notificação enviada para grupo Server_notification
[2026-06-20 09:00:01] [ERRO] ❌ HTTP não respondeu (código: 307)
[2026-06-20 09:00:01] [INFO] ✅ WhatsApp: Conectado
[2026-06-20 09:00:01] [INFO] ✅ Chrome: 379MB (PID 2636121)
[2026-06-20 09:00:01] [INFO] ✅ Disco: 65% usado
[2026-06-20 09:00:02] [INFO] Notificação enviada para grupo Server_notification
[2026-06-20 10:00:01] [ERRO] ❌ HTTP não respondeu (código: 307)
[2026-06-20 10:00:01] [INFO] ✅ WhatsApp: Conectado
[2026-06-20 10:00:01] [INFO] ✅ Chrome: 377MB (PID 2636121)
[2026-06-20 10:00:01] [INFO] ✅ Disco: 65% usado
[2026-06-20 10:00:03] [INFO] Notificação enviada para grupo Server_notification
[2026-06-20 11:00:01] [ERRO] ❌ HTTP não respondeu (código: 307)
[2026-06-20 11:00:01] [INFO] ✅ WhatsApp: Conectado
[2026-06-20 11:00:01] [INFO] ✅ Chrome: 371MB (PID 2636121)
[2026-06-20 11:00:01] [INFO] ✅ Disco: 65% usado
[2026-06-20 11:00:02] [INFO] Notificação enviada para grupo Server_notification
[2026-06-20 12:00:01] [ERRO] ❌ HTTP não respondeu (código: 307)
[2026-06-20 12:00:01] [INFO] ✅ WhatsApp: Conectado
[2026-06-20 12:00:01] [INFO] ✅ Chrome: 370MB (PID 2636121)
[2026-06-20 12:00:01] [INFO] ✅ Disco: 65% usado
[2026-06-20 12:00:04] [INFO] Notificação enviada para grupo Server_notification
[2026-06-20 13:00:01] [ERRO] ❌ HTTP não respondeu (código: 307)
[2026-06-20 13:00:01] [INFO] ✅ WhatsApp: Conectado
[2026-06-20 13:00:02] [INFO] ✅ Chrome: 370MB (PID 2636121)
[2026-06-20 13:00:02] [INFO] ✅ Disco: 65% usado
[2026-06-20 13:00:04] [INFO] Notificação enviada para grupo Server_notification
[2026-06-20 14:00:01] [ERRO] ❌ HTTP não respondeu (código: 307)
[2026-06-20 14:00:02] [INFO] ✅ WhatsApp: Conectado
[2026-06-20 14:00:02] [INFO] ✅ Chrome: 370MB (PID 2636121)
[2026-06-20 14:00:02] [INFO] ✅ Disco: 65% usado
[2026-06-20 14:00:04] [INFO] Notificação enviada para grupo Server_notification
[2026-06-20 15:00:01] [ERRO] ❌ HTTP não respondeu (código: 307)
[2026-06-20 15:00:01] [INFO] ✅ WhatsApp: Conectado
[2026-06-20 15:00:01] [INFO] ✅ Chrome: 385MB (PID 2636121)
[2026-06-20 15:00:01] [INFO] ✅ Disco: 65% usado
[2026-06-20 15:00:04] [INFO] Notificação enviada para grupo Server_notification
[2026-06-20 16:00:01] [INFO] ✅ HTTP respondendo (200)
[2026-06-20 16:00:02] [WARN] ⚠️ WhatsApp: Aguardando
[2026-06-20 16:00:02] [INFO] ✅ Chrome: 244MB (PID 971520)
[2026-06-20 16:00:02] [INFO] ✅ Disco: 65% usado
[2026-06-20 16:00:04] [INFO] Notificação enviada para grupo Server_notification
[2026-06-20 17:00:01] [INFO] ✅ HTTP respondendo (200)
[2026-06-20 17:00:01] [WARN] ⚠️ WhatsApp: Aguardando
[2026-06-20 17:00:01] [INFO] ✅ Chrome: 243MB (PID 971520)
[2026-06-20 17:00:01] [INFO] ✅ Disco: 65% usado
[2026-06-20 17:00:04] [INFO] Notificação enviada para grupo Server_notification
[2026-06-20 18:00:01] [INFO] ✅ HTTP respondendo (200)
[2026-06-20 18:00:01] [WARN] ⚠️ WhatsApp: Aguardando
[2026-06-20 18:00:01] [INFO] ✅ Chrome: 240MB (PID 971520)
[2026-06-20 18:00:01] [INFO] ✅ Disco: 65% usado
[2026-06-20 18:00:03] [INFO] Notificação enviada para grupo Server_notification
[2026-06-20 19:00:01] [INFO] ✅ HTTP respondendo (200)
[2026-06-20 19:00:01] [WARN] ⚠️ WhatsApp: Aguardando
[2026-06-20 19:00:02] [INFO] ✅ Chrome: 250MB (PID 971520)
[2026-06-20 19:00:02] [INFO] ✅ Disco: 65% usado
[2026-06-20 19:00:04] [INFO] Notificação enviada para grupo Server_notification
[2026-06-20 20:00:01] [INFO] ✅ HTTP respondendo (200)
[2026-06-20 20:00:01] [WARN] ⚠️ WhatsApp: Aguardando
[2026-06-20 20:00:02] [INFO] ✅ Chrome: 248MB (PID 971520)
[2026-06-20 20:00:02] [INFO] ✅ Disco: 65% usado
[2026-06-20 20:00:03] [INFO] Notificação enviada para grupo Server_notification
[2026-06-20 21:00:01] [INFO] ✅ HTTP respondendo (200)
[2026-06-20 21:00:01] [WARN] ⚠️ WhatsApp: Aguardando
[2026-06-20 21:00:01] [INFO] ✅ Chrome: 242MB (PID 971520)
[2026-06-20 21:00:01] [INFO] ✅ Disco: 65% usado
[2026-06-20 21:00:03] [INFO] Notificação enviada para grupo Server_notification
[2026-06-20 22:00:01] [INFO] ✅ HTTP respondendo (200)
[2026-06-20 22:00:01] [WARN] ⚠️ WhatsApp: Aguardando
[2026-06-20 22:00:01] [INFO] ✅ Chrome: 249MB (PID 971520)
[2026-06-20 22:00:01] [INFO] ✅ Disco: 65% usado
[2026-06-20 22:00:03] [INFO] Notificação enviada para grupo Server_notification
[2026-06-20 23:00:01] [INFO] ✅ HTTP respondendo (200)
[2026-06-20 23:00:01] [WARN] ⚠️ WhatsApp: Aguardando
[2026-06-20 23:00:01] [INFO] ✅ Chrome: 237MB (PID 971520)
[2026-06-20 23:00:01] [INFO] ✅ Disco: 65% usado
[2026-06-20 23:00:03] [INFO] Notificação enviada para grupo Server_notification
