[2026-06-17 00:00:01] [ERRO] ❌ HTTP não respondeu (código: 307)
[2026-06-17 00:00:01] [INFO] ✅ WhatsApp: Conectado
[2026-06-17 00:00:01] [INFO] ✅ Chrome: 1572MB (PID 435916)
[2026-06-17 00:00:01] [INFO] ✅ Disco: 64% usado
[2026-06-17 00:00:02] [INFO] Notificação enviada para grupo Server_notification
[2026-06-17 01:00:01] [ERRO] ❌ HTTP não respondeu (código: 307)
[2026-06-17 01:00:01] [INFO] ✅ WhatsApp: Conectado
[2026-06-17 01:00:01] [INFO] ✅ Chrome: 1573MB (PID 435916)
[2026-06-17 01:00:01] [INFO] ✅ Disco: 64% usado
[2026-06-17 01:00:02] [INFO] Notificação enviada para grupo Server_notification
[2026-06-17 02:00:01] [ERRO] ❌ HTTP não respondeu (código: 307)
[2026-06-17 02:00:01] [INFO] ✅ WhatsApp: Conectado
[2026-06-17 02:00:02] [INFO] ✅ Chrome: 1576MB (PID 435916)
[2026-06-17 02:00:02] [INFO] ✅ Disco: 64% usado
[2026-06-17 02:00:03] [INFO] Notificação enviada para grupo Server_notification
[2026-06-17 03:00:01] [ERRO] ❌ HTTP não respondeu (código: 307)
[2026-06-17 03:00:01] [INFO] ✅ WhatsApp: Conectado
[2026-06-17 03:00:01] [INFO] ✅ Chrome: 1573MB (PID 435916)
[2026-06-17 03:00:01] [INFO] ✅ Disco: 64% usado
[2026-06-17 03:00:02] [INFO] Notificação enviada para grupo Server_notification
[2026-06-17 04:00:01] [ERRO] ❌ HTTP não respondeu (código: 307)
[2026-06-17 04:00:01] [INFO] ✅ WhatsApp: Conectado
[2026-06-17 04:00:01] [INFO] ✅ Chrome: 1574MB (PID 435916)
[2026-06-17 04:00:01] [INFO] ✅ Disco: 64% usado
[2026-06-17 04:00:02] [INFO] Notificação enviada para grupo Server_notification
[2026-06-17 05:00:01] [ERRO] ❌ HTTP não respondeu (código: 307)
[2026-06-17 05:00:02] [INFO] ✅ WhatsApp: Conectado
[2026-06-17 05:00:02] [INFO] ✅ Chrome: 1575MB (PID 435916)
[2026-06-17 05:00:02] [INFO] ✅ Disco: 64% usado
[2026-06-17 05:00:04] [INFO] Notificação enviada para grupo Server_notification
[2026-06-17 06:00:01] [ERRO] ❌ HTTP não respondeu (código: 307)
[2026-06-17 06:00:01] [INFO] ✅ WhatsApp: Conectado
[2026-06-17 06:00:01] [INFO] ✅ Chrome: 1572MB (PID 435916)
[2026-06-17 06:00:01] [INFO] ✅ Disco: 64% usado
[2026-06-17 06:00:03] [INFO] Notificação enviada para grupo Server_notification
[2026-06-17 07:00:02] [ERRO] ❌ HTTP não respondeu (código: 307)
[2026-06-17 07:00:02] [INFO] ✅ WhatsApp: Conectado
[2026-06-17 07:00:02] [INFO] ✅ Chrome: 1573MB (PID 435916)
[2026-06-17 07:00:02] [INFO] ✅ Disco: 64% usado
[2026-06-17 07:00:03] [INFO] Notificação enviada para grupo Server_notification
[2026-06-17 08:00:01] [ERRO] ❌ HTTP não respondeu (código: 307)
[2026-06-17 08:00:02] [INFO] ✅ WhatsApp: Conectado
[2026-06-17 08:00:02] [INFO] ✅ Chrome: 1575MB (PID 435916)
[2026-06-17 08:00:02] [INFO] ✅ Disco: 64% usado
[2026-06-17 08:00:03] [INFO] Notificação enviada para grupo Server_notification
[2026-06-17 09:00:01] [ERRO] ❌ HTTP não respondeu (código: 307)
[2026-06-17 09:00:01] [INFO] ✅ WhatsApp: Conectado
[2026-06-17 09:00:01] [INFO] ✅ Chrome: 1573MB (PID 435916)
[2026-06-17 09:00:01] [INFO] ✅ Disco: 64% usado
[2026-06-17 09:00:02] [INFO] Notificação enviada para grupo Server_notification
[2026-06-17 10:00:01] [ERRO] ❌ HTTP não respondeu (código: 307)
[2026-06-17 10:00:02] [INFO] ✅ WhatsApp: Conectado
[2026-06-17 10:00:02] [INFO] ✅ Chrome: 1574MB (PID 435916)
[2026-06-17 10:00:02] [INFO] ✅ Disco: 64% usado
[2026-06-17 10:00:03] [INFO] Notificação enviada para grupo Server_notification
[2026-06-17 11:00:01] [ERRO] ❌ HTTP não respondeu (código: 307)
[2026-06-17 11:00:01] [INFO] ✅ WhatsApp: Conectado
[2026-06-17 11:00:01] [INFO] ✅ Chrome: 1575MB (PID 435916)
[2026-06-17 11:00:01] [INFO] ✅ Disco: 64% usado
[2026-06-17 11:00:02] [INFO] Notificação enviada para grupo Server_notification
[2026-06-17 12:00:01] [ERRO] ❌ HTTP não respondeu (código: 307)
[2026-06-17 12:00:01] [INFO] ✅ WhatsApp: Conectado
[2026-06-17 12:00:01] [INFO] ✅ Chrome: 1572MB (PID 435916)
[2026-06-17 12:00:01] [INFO] ✅ Disco: 64% usado
[2026-06-17 12:00:02] [INFO] Notificação enviada para grupo Server_notification
[2026-06-17 13:00:01] [ERRO] ❌ HTTP não respondeu (código: 307)
[2026-06-17 13:00:01] [INFO] ✅ WhatsApp: Conectado
[2026-06-17 13:00:01] [INFO] ✅ Chrome: 1574MB (PID 435916)
[2026-06-17 13:00:01] [INFO] ✅ Disco: 64% usado
[2026-06-17 13:00:02] [INFO] Notificação enviada para grupo Server_notification
[2026-06-17 14:00:01] [ERRO] ❌ HTTP não respondeu (código: 307)
[2026-06-17 14:00:01] [INFO] ✅ WhatsApp: Conectado
[2026-06-17 14:00:01] [INFO] ✅ Chrome: 1577MB (PID 435916)
[2026-06-17 14:00:01] [INFO] ✅ Disco: 64% usado
[2026-06-17 14:00:03] [INFO] Notificação enviada para grupo Server_notification
[2026-06-17 15:00:01] [ERRO] ❌ HTTP não respondeu (código: 307)
[2026-06-17 15:00:02] [INFO] ✅ WhatsApp: Conectado
[2026-06-17 15:00:02] [INFO] ✅ Chrome: 1583MB (PID 435916)
[2026-06-17 15:00:02] [INFO] ✅ Disco: 64% usado
[2026-06-17 15:00:03] [INFO] Notificação enviada para grupo Server_notification
[2026-06-17 16:00:01] [ERRO] ❌ HTTP não respondeu (código: 307)
[2026-06-17 16:00:02] [INFO] ✅ WhatsApp: Conectado
[2026-06-17 16:00:02] [INFO] ✅ Chrome: 1584MB (PID 435916)
[2026-06-17 16:00:02] [INFO] ✅ Disco: 64% usado
[2026-06-17 16:00:03] [INFO] Notificação enviada para grupo Server_notification
[2026-06-17 17:00:01] [ERRO] ❌ HTTP não respondeu (código: 307)
[2026-06-17 17:00:01] [INFO] ✅ WhatsApp: Conectado
[2026-06-17 17:00:01] [INFO] ✅ Chrome: 1585MB (PID 435916)
[2026-06-17 17:00:01] [INFO] ✅ Disco: 64% usado
[2026-06-17 17:00:03] [INFO] Notificação enviada para grupo Server_notification
[2026-06-17 18:00:01] [ERRO] ❌ HTTP não respondeu (código: 307)
[2026-06-17 18:00:02] [INFO] ✅ WhatsApp: Conectado
[2026-06-17 18:00:02] [INFO] ✅ Chrome: 1581MB (PID 435916)
[2026-06-17 18:00:02] [INFO] ✅ Disco: 64% usado
[2026-06-17 18:00:04] [INFO] Notificação enviada para grupo Server_notification
[2026-06-17 19:00:01] [ERRO] ❌ HTTP não respondeu (código: 307)
[2026-06-17 19:00:01] [INFO] ✅ WhatsApp: Conectado
[2026-06-17 19:00:02] [INFO] ✅ Chrome: 1582MB (PID 435916)
[2026-06-17 19:00:02] [INFO] ✅ Disco: 64% usado
[2026-06-17 19:00:03] [INFO] Notificação enviada para grupo Server_notification
[2026-06-17 20:00:01] [ERRO] ❌ HTTP não respondeu (código: 307)
[2026-06-17 20:00:01] [INFO] ✅ WhatsApp: Conectado
[2026-06-17 20:00:01] [INFO] ✅ Chrome: 1583MB (PID 435916)
[2026-06-17 20:00:01] [INFO] ✅ Disco: 64% usado
[2026-06-17 20:00:03] [INFO] Notificação enviada para grupo Server_notification
[2026-06-17 21:00:01] [ERRO] ❌ HTTP não respondeu (código: 307)
[2026-06-17 21:00:01] [INFO] ✅ WhatsApp: Conectado
[2026-06-17 21:00:02] [INFO] ✅ Chrome: 1581MB (PID 435916)
[2026-06-17 21:00:02] [INFO] ✅ Disco: 64% usado
[2026-06-17 21:00:03] [INFO] Notificação enviada para grupo Server_notification
[2026-06-17 22:00:01] [ERRO] ❌ HTTP não respondeu (código: 307)
[2026-06-17 22:00:01] [INFO] ✅ WhatsApp: Conectado
[2026-06-17 22:00:02] [INFO] ✅ Chrome: 1586MB (PID 435916)
[2026-06-17 22:00:02] [INFO] ✅ Disco: 64% usado
[2026-06-17 22:00:02] [INFO] Notificação enviada para grupo Server_notification
[2026-06-17 23:00:01] [ERRO] ❌ HTTP não respondeu (código: 307)
[2026-06-17 23:00:02] [INFO] ✅ WhatsApp: Conectado
[2026-06-17 23:00:02] [INFO] ✅ Chrome: 1581MB (PID 435916)
[2026-06-17 23:00:02] [INFO] ✅ Disco: 64% usado
[2026-06-17 23:00:03] [INFO] Notificação enviada para grupo Server_notification
