[2026-06-28 00:00:01] [INFO] ✅ HTTP respondendo (200)
[2026-06-28 00:00:01] [WARN] ⚠️ WhatsApp: Aguardando leitura de QR Code (acesse /api/qrcode para escanear)
[2026-06-28 00:00:02] [INFO] ✅ Chrome: 456MB (PID 3816214)
[2026-06-28 00:00:02] [INFO] ✅ Disco: 82% usado
[2026-06-28 00:00:02] [INFO] Notificação enviada para grupo Server_notification
[2026-06-28 01:00:01] [INFO] ✅ HTTP respondendo (200)
[2026-06-28 01:00:01] [WARN] ⚠️ WhatsApp: Aguardando leitura de QR Code (acesse /api/qrcode para escanear)
[2026-06-28 01:00:01] [INFO] ✅ Chrome: 459MB (PID 3816214)
[2026-06-28 01:00:01] [INFO] ✅ Disco: 82% usado
[2026-06-28 01:00:02] [INFO] Notificação enviada para grupo Server_notification
[2026-06-28 02:00:01] [INFO] ✅ HTTP respondendo (200)
[2026-06-28 02:00:01] [WARN] ⚠️ WhatsApp: Aguardando leitura de QR Code (acesse /api/qrcode para escanear)
[2026-06-28 02:00:01] [INFO] ✅ Chrome: 463MB (PID 3816214)
[2026-06-28 02:00:01] [INFO] ✅ Disco: 82% usado
[2026-06-28 02:00:02] [INFO] Notificação enviada para grupo Server_notification
[2026-06-28 03:00:01] [INFO] ✅ HTTP respondendo (200)
[2026-06-28 03:00:01] [WARN] ⚠️ WhatsApp: Aguardando leitura de QR Code (acesse /api/qrcode para escanear)
[2026-06-28 03:00:02] [INFO] ✅ Chrome: 461MB (PID 3816214)
[2026-06-28 03:00:02] [INFO] ✅ Disco: 82% usado
[2026-06-28 03:00:02] [INFO] Notificação enviada para grupo Server_notification
[2026-06-28 04:00:01] [INFO] ✅ HTTP respondendo (200)
[2026-06-28 04:00:02] [WARN] ⚠️ WhatsApp: Aguardando leitura de QR Code (acesse /api/qrcode para escanear)
[2026-06-28 04:00:02] [INFO] ✅ Chrome: 460MB (PID 3816214)
[2026-06-28 04:00:02] [INFO] ✅ Disco: 82% usado
[2026-06-28 04:00:04] [INFO] Notificação enviada para grupo Server_notification
[2026-06-28 05:00:01] [INFO] ✅ HTTP respondendo (200)
[2026-06-28 05:00:01] [WARN] ⚠️ WhatsApp: Aguardando leitura de QR Code (acesse /api/qrcode para escanear)
[2026-06-28 05:00:02] [INFO] ✅ Chrome: 466MB (PID 3816214)
[2026-06-28 05:00:02] [INFO] ✅ Disco: 82% usado
[2026-06-28 05:00:04] [INFO] Notificação enviada para grupo Server_notification
[2026-06-28 06:00:01] [INFO] ✅ HTTP respondendo (200)
[2026-06-28 06:00:01] [WARN] ⚠️ WhatsApp: Aguardando leitura de QR Code (acesse /api/qrcode para escanear)
[2026-06-28 06:00:01] [INFO] ✅ Chrome: 452MB (PID 3816214)
[2026-06-28 06:00:01] [INFO] ✅ Disco: 82% usado
[2026-06-28 06:00:03] [INFO] Notificação enviada para grupo Server_notification
[2026-06-28 07:00:01] [INFO] ✅ HTTP respondendo (200)
[2026-06-28 07:00:02] [WARN] ⚠️ WhatsApp: Aguardando leitura de QR Code (acesse /api/qrcode para escanear)
[2026-06-28 07:00:02] [INFO] ✅ Chrome: 453MB (PID 3816214)
[2026-06-28 07:00:02] [INFO] ✅ Disco: 82% usado
[2026-06-28 07:00:04] [INFO] Notificação enviada para grupo Server_notification
[2026-06-28 08:00:01] [INFO] ✅ HTTP respondendo (200)
[2026-06-28 08:00:01] [WARN] ⚠️ WhatsApp: Aguardando leitura de QR Code (acesse /api/qrcode para escanear)
[2026-06-28 08:00:01] [INFO] ✅ Chrome: 454MB (PID 3816214)
[2026-06-28 08:00:01] [INFO] ✅ Disco: 82% usado
[2026-06-28 08:00:03] [INFO] Notificação enviada para grupo Server_notification
[2026-06-28 09:00:01] [INFO] ✅ HTTP respondendo (200)
[2026-06-28 09:00:01] [WARN] ⚠️ WhatsApp: Aguardando leitura de QR Code (acesse /api/qrcode para escanear)
[2026-06-28 09:00:01] [INFO] ✅ Chrome: 457MB (PID 3816214)
[2026-06-28 09:00:01] [INFO] ✅ Disco: 82% usado
[2026-06-28 09:00:03] [INFO] Notificação enviada para grupo Server_notification
[2026-06-28 10:00:01] [INFO] ✅ HTTP respondendo (200)
[2026-06-28 10:00:01] [WARN] ⚠️ WhatsApp: Aguardando leitura de QR Code (acesse /api/qrcode para escanear)
[2026-06-28 10:00:02] [INFO] ✅ Chrome: 442MB (PID 3816214)
[2026-06-28 10:00:02] [INFO] ✅ Disco: 82% usado
[2026-06-28 10:00:03] [INFO] Notificação enviada para grupo Server_notification
[2026-06-28 11:00:01] [INFO] ✅ HTTP respondendo (200)
[2026-06-28 11:00:01] [WARN] ⚠️ WhatsApp: Aguardando leitura de QR Code (acesse /api/qrcode para escanear)
[2026-06-28 11:00:01] [INFO] ✅ Chrome: 429MB (PID 3816214)
[2026-06-28 11:00:01] [INFO] ✅ Disco: 82% usado
[2026-06-28 11:00:03] [INFO] Notificação enviada para grupo Server_notification
[2026-06-28 12:00:01] [INFO] ✅ HTTP respondendo (200)
[2026-06-28 12:00:01] [WARN] ⚠️ WhatsApp: Aguardando leitura de QR Code (acesse /api/qrcode para escanear)
[2026-06-28 12:00:01] [INFO] ✅ Chrome: 431MB (PID 3816214)
[2026-06-28 12:00:01] [INFO] ✅ Disco: 82% usado
[2026-06-28 12:00:03] [INFO] Notificação enviada para grupo Server_notification
[2026-06-28 13:00:02] [INFO] ✅ HTTP respondendo (200)
[2026-06-28 13:00:02] [WARN] ⚠️ WhatsApp: Aguardando leitura de QR Code (acesse /api/qrcode para escanear)
[2026-06-28 13:00:02] [INFO] ✅ Chrome: 431MB (PID 3816214)
[2026-06-28 13:00:02] [INFO] ✅ Disco: 82% usado
[2026-06-28 13:00:03] [INFO] Notificação enviada para grupo Server_notification
[2026-06-28 14:00:01] [INFO] ✅ HTTP respondendo (200)
[2026-06-28 14:00:01] [WARN] ⚠️ WhatsApp: Aguardando leitura de QR Code (acesse /api/qrcode para escanear)
[2026-06-28 14:00:01] [INFO] ✅ Chrome: 414MB (PID 3816214)
[2026-06-28 14:00:01] [INFO] ✅ Disco: 82% usado
[2026-06-28 14:00:02] [INFO] Notificação enviada para grupo Server_notification
[2026-06-28 15:00:01] [INFO] ✅ HTTP respondendo (200)
[2026-06-28 15:00:01] [WARN] ⚠️ WhatsApp: Aguardando leitura de QR Code (acesse /api/qrcode para escanear)
[2026-06-28 15:00:01] [INFO] ✅ Chrome: 416MB (PID 3816214)
[2026-06-28 15:00:01] [INFO] ✅ Disco: 82% usado
[2026-06-28 15:00:02] [INFO] Notificação enviada para grupo Server_notification
[2026-06-28 16:00:01] [INFO] ✅ HTTP respondendo (200)
[2026-06-28 16:00:01] [WARN] ⚠️ WhatsApp: Aguardando leitura de QR Code (acesse /api/qrcode para escanear)
[2026-06-28 16:00:01] [INFO] ✅ Chrome: 401MB (PID 3816214)
[2026-06-28 16:00:01] [INFO] ✅ Disco: 82% usado
[2026-06-28 16:00:02] [INFO] Notificação enviada para grupo Server_notification
[2026-06-28 17:00:01] [INFO] ✅ HTTP respondendo (200)
[2026-06-28 17:00:01] [WARN] ⚠️ WhatsApp: Aguardando leitura de QR Code (acesse /api/qrcode para escanear)
[2026-06-28 17:00:01] [INFO] ✅ Chrome: 405MB (PID 3816214)
[2026-06-28 17:00:01] [INFO] ✅ Disco: 82% usado
[2026-06-28 17:00:03] [INFO] Notificação enviada para grupo Server_notification
[2026-06-28 18:00:01] [INFO] ✅ HTTP respondendo (200)
[2026-06-28 18:00:01] [WARN] ⚠️ WhatsApp: Aguardando leitura de QR Code (acesse /api/qrcode para escanear)
[2026-06-28 18:00:01] [INFO] ✅ Chrome: 405MB (PID 3816214)
[2026-06-28 18:00:01] [INFO] ✅ Disco: 82% usado
[2026-06-28 18:00:02] [INFO] Notificação enviada para grupo Server_notification
[2026-06-28 19:00:01] [INFO] ✅ HTTP respondendo (200)
[2026-06-28 19:00:01] [WARN] ⚠️ WhatsApp: Aguardando leitura de QR Code (acesse /api/qrcode para escanear)
[2026-06-28 19:00:01] [INFO] ✅ Chrome: 407MB (PID 3816214)
[2026-06-28 19:00:01] [INFO] ✅ Disco: 82% usado
[2026-06-28 19:00:02] [INFO] Notificação enviada para grupo Server_notification
[2026-06-28 20:00:01] [INFO] ✅ HTTP respondendo (200)
[2026-06-28 20:00:02] [WARN] ⚠️ WhatsApp: Aguardando leitura de QR Code (acesse /api/qrcode para escanear)
[2026-06-28 20:00:02] [INFO] ✅ Chrome: 410MB (PID 3816214)
[2026-06-28 20:00:02] [INFO] ✅ Disco: 82% usado
[2026-06-28 20:00:03] [INFO] Notificação enviada para grupo Server_notification
[2026-06-28 21:00:01] [INFO] ✅ HTTP respondendo (200)
[2026-06-28 21:00:02] [WARN] ⚠️ WhatsApp: Aguardando leitura de QR Code (acesse /api/qrcode para escanear)
[2026-06-28 21:00:02] [INFO] ✅ Chrome: 414MB (PID 3816214)
[2026-06-28 21:00:02] [INFO] ✅ Disco: 82% usado
[2026-06-28 21:00:02] [WARN] Falha no grupo, tentando fallback...
[2026-06-28 21:00:02] [ERRO] FALHA CRÍTICA: não foi possível enviar notificação
[2026-06-28 22:00:01] [INFO] ✅ HTTP respondendo (200)
[2026-06-28 22:00:01] [WARN] ⚠️ WhatsApp: Aguardando leitura de QR Code (acesse /api/qrcode para escanear)
[2026-06-28 22:00:01] [INFO] ✅ Chrome: 416MB (PID 3816214)
[2026-06-28 22:00:01] [INFO] ✅ Disco: 82% usado
[2026-06-28 22:00:01] [WARN] Falha no grupo, tentando fallback...
[2026-06-28 22:00:01] [ERRO] FALHA CRÍTICA: não foi possível enviar notificação
[2026-06-28 23:00:01] [INFO] ✅ HTTP respondendo (200)
[2026-06-28 23:00:01] [WARN] ⚠️ WhatsApp: Aguardando leitura de QR Code (acesse /api/qrcode para escanear)
[2026-06-28 23:00:01] [INFO] ✅ Chrome: 417MB (PID 3816214)
[2026-06-28 23:00:01] [INFO] ✅ Disco: 82% usado
[2026-06-28 23:00:01] [WARN] Falha no grupo, tentando fallback...
[2026-06-28 23:00:01] [ERRO] FALHA CRÍTICA: não foi possível enviar notificação
