[2026-06-27 00:00:01] [INFO] ✅ HTTP respondendo (200)
[2026-06-27 00:00:01] [WARN] ⚠️ WhatsApp: Aguardando leitura de QR Code (acesse /api/qrcode para escanear)
[2026-06-27 00:00:01] [INFO] ✅ Chrome: 420MB (PID 3816214)
[2026-06-27 00:00:01] [INFO] ✅ Disco: 81% usado
[2026-06-27 00:00:02] [INFO] Notificação enviada para grupo Server_notification
[2026-06-27 01:00:01] [INFO] ✅ HTTP respondendo (200)
[2026-06-27 01:00:01] [WARN] ⚠️ WhatsApp: Aguardando leitura de QR Code (acesse /api/qrcode para escanear)
[2026-06-27 01:00:01] [INFO] ✅ Chrome: 426MB (PID 3816214)
[2026-06-27 01:00:01] [INFO] ✅ Disco: 81% usado
[2026-06-27 01:00:02] [INFO] Notificação enviada para grupo Server_notification
[2026-06-27 02:00:01] [INFO] ✅ HTTP respondendo (200)
[2026-06-27 02:00:01] [WARN] ⚠️ WhatsApp: Aguardando leitura de QR Code (acesse /api/qrcode para escanear)
[2026-06-27 02:00:01] [INFO] ✅ Chrome: 425MB (PID 3816214)
[2026-06-27 02:00:01] [INFO] ✅ Disco: 81% usado
[2026-06-27 02:00:02] [INFO] Notificação enviada para grupo Server_notification
[2026-06-27 03:00:01] [INFO] ✅ HTTP respondendo (200)
[2026-06-27 03:00:01] [WARN] ⚠️ WhatsApp: Aguardando leitura de QR Code (acesse /api/qrcode para escanear)
[2026-06-27 03:00:02] [INFO] ✅ Chrome: 426MB (PID 3816214)
[2026-06-27 03:00:02] [INFO] ✅ Disco: 81% usado
[2026-06-27 03:00:02] [INFO] Notificação enviada para grupo Server_notification
[2026-06-27 04:00:01] [INFO] ✅ HTTP respondendo (200)
[2026-06-27 04:00:01] [WARN] ⚠️ WhatsApp: Aguardando leitura de QR Code (acesse /api/qrcode para escanear)
[2026-06-27 04:00:02] [INFO] ✅ Chrome: 429MB (PID 3816214)
[2026-06-27 04:00:02] [INFO] ✅ Disco: 81% usado
[2026-06-27 04:00:02] [INFO] Notificação enviada para grupo Server_notification
[2026-06-27 05:00:01] [INFO] ✅ HTTP respondendo (200)
[2026-06-27 05:00:01] [WARN] ⚠️ WhatsApp: Aguardando leitura de QR Code (acesse /api/qrcode para escanear)
[2026-06-27 05:00:01] [INFO] ✅ Chrome: 433MB (PID 3816214)
[2026-06-27 05:00:01] [INFO] ✅ Disco: 81% usado
[2026-06-27 05:00:02] [INFO] Notificação enviada para grupo Server_notification
[2026-06-27 06:00:01] [INFO] ✅ HTTP respondendo (200)
[2026-06-27 06:00:01] [WARN] ⚠️ WhatsApp: Aguardando leitura de QR Code (acesse /api/qrcode para escanear)
[2026-06-27 06:00:02] [INFO] ✅ Chrome: 434MB (PID 3816214)
[2026-06-27 06:00:02] [INFO] ✅ Disco: 81% usado
[2026-06-27 06:00:02] [INFO] Notificação enviada para grupo Server_notification
[2026-06-27 07:00:01] [INFO] ✅ HTTP respondendo (200)
[2026-06-27 07:00:01] [WARN] ⚠️ WhatsApp: Aguardando leitura de QR Code (acesse /api/qrcode para escanear)
[2026-06-27 07:00:01] [INFO] ✅ Chrome: 437MB (PID 3816214)
[2026-06-27 07:00:01] [INFO] ✅ Disco: 81% usado
[2026-06-27 07:00:02] [INFO] Notificação enviada para grupo Server_notification
[2026-06-27 08:00:01] [INFO] ✅ HTTP respondendo (200)
[2026-06-27 08:00:01] [WARN] ⚠️ WhatsApp: Aguardando leitura de QR Code (acesse /api/qrcode para escanear)
[2026-06-27 08:00:01] [INFO] ✅ Chrome: 439MB (PID 3816214)
[2026-06-27 08:00:02] [INFO] ✅ Disco: 81% usado
[2026-06-27 08:00:02] [INFO] Notificação enviada para grupo Server_notification
[2026-06-27 09:00:01] [INFO] ✅ HTTP respondendo (200)
[2026-06-27 09:00:01] [WARN] ⚠️ WhatsApp: Aguardando leitura de QR Code (acesse /api/qrcode para escanear)
[2026-06-27 09:00:01] [INFO] ✅ Chrome: 441MB (PID 3816214)
[2026-06-27 09:00:01] [INFO] ✅ Disco: 81% usado
[2026-06-27 09:00:02] [INFO] Notificação enviada para grupo Server_notification
[2026-06-27 10:00:01] [INFO] ✅ HTTP respondendo (200)
[2026-06-27 10:00:01] [WARN] ⚠️ WhatsApp: Aguardando leitura de QR Code (acesse /api/qrcode para escanear)
[2026-06-27 10:00:02] [INFO] ✅ Chrome: 426MB (PID 3816214)
[2026-06-27 10:00:02] [INFO] ✅ Disco: 81% usado
[2026-06-27 10:00:02] [INFO] Notificação enviada para grupo Server_notification
[2026-06-27 11:00:01] [INFO] ✅ HTTP respondendo (200)
[2026-06-27 11:00:01] [WARN] ⚠️ WhatsApp: Aguardando leitura de QR Code (acesse /api/qrcode para escanear)
[2026-06-27 11:00:01] [INFO] ✅ Chrome: 431MB (PID 3816214)
[2026-06-27 11:00:01] [INFO] ✅ Disco: 81% usado
[2026-06-27 11:00:02] [INFO] Notificação enviada para grupo Server_notification
[2026-06-27 12:00:01] [INFO] ✅ HTTP respondendo (200)
[2026-06-27 12:00:01] [WARN] ⚠️ WhatsApp: Aguardando leitura de QR Code (acesse /api/qrcode para escanear)
[2026-06-27 12:00:01] [INFO] ✅ Chrome: 428MB (PID 3816214)
[2026-06-27 12:00:01] [INFO] ✅ Disco: 81% usado
[2026-06-27 12:00:02] [INFO] Notificação enviada para grupo Server_notification
[2026-06-27 13:00:01] [INFO] ✅ HTTP respondendo (200)
[2026-06-27 13:00:01] [WARN] ⚠️ WhatsApp: Aguardando leitura de QR Code (acesse /api/qrcode para escanear)
[2026-06-27 13:00:02] [INFO] ✅ Chrome: 430MB (PID 3816214)
[2026-06-27 13:00:02] [INFO] ✅ Disco: 81% usado
[2026-06-27 13:00:02] [INFO] Notificação enviada para grupo Server_notification
[2026-06-27 14:00:01] [INFO] ✅ HTTP respondendo (200)
[2026-06-27 14:00:01] [WARN] ⚠️ WhatsApp: Aguardando leitura de QR Code (acesse /api/qrcode para escanear)
[2026-06-27 14:00:01] [INFO] ✅ Chrome: 436MB (PID 3816214)
[2026-06-27 14:00:01] [INFO] ✅ Disco: 81% usado
[2026-06-27 14:00:02] [INFO] Notificação enviada para grupo Server_notification
[2026-06-27 15:00:01] [INFO] ✅ HTTP respondendo (200)
[2026-06-27 15:00:01] [WARN] ⚠️ WhatsApp: Aguardando leitura de QR Code (acesse /api/qrcode para escanear)
[2026-06-27 15:00:01] [INFO] ✅ Chrome: 437MB (PID 3816214)
[2026-06-27 15:00:01] [INFO] ✅ Disco: 81% usado
[2026-06-27 15:00:02] [INFO] Notificação enviada para grupo Server_notification
[2026-06-27 16:00:01] [INFO] ✅ HTTP respondendo (200)
[2026-06-27 16:00:01] [WARN] ⚠️ WhatsApp: Aguardando leitura de QR Code (acesse /api/qrcode para escanear)
[2026-06-27 16:00:01] [INFO] ✅ Chrome: 439MB (PID 3816214)
[2026-06-27 16:00:01] [INFO] ✅ Disco: 81% usado
[2026-06-27 16:00:02] [INFO] Notificação enviada para grupo Server_notification
[2026-06-27 17:00:01] [INFO] ✅ HTTP respondendo (200)
[2026-06-27 17:00:01] [WARN] ⚠️ WhatsApp: Aguardando leitura de QR Code (acesse /api/qrcode para escanear)
[2026-06-27 17:00:02] [INFO] ✅ Chrome: 438MB (PID 3816214)
[2026-06-27 17:00:02] [INFO] ✅ Disco: 81% usado
[2026-06-27 17:00:02] [INFO] Notificação enviada para grupo Server_notification
[2026-06-27 18:00:01] [INFO] ✅ HTTP respondendo (200)
[2026-06-27 18:00:01] [WARN] ⚠️ WhatsApp: Aguardando leitura de QR Code (acesse /api/qrcode para escanear)
[2026-06-27 18:00:01] [INFO] ✅ Chrome: 438MB (PID 3816214)
[2026-06-27 18:00:01] [INFO] ✅ Disco: 81% usado
[2026-06-27 18:00:02] [INFO] Notificação enviada para grupo Server_notification
[2026-06-27 19:00:01] [INFO] ✅ HTTP respondendo (200)
[2026-06-27 19:00:02] [WARN] ⚠️ WhatsApp: Aguardando leitura de QR Code (acesse /api/qrcode para escanear)
[2026-06-27 19:00:02] [INFO] ✅ Chrome: 440MB (PID 3816214)
[2026-06-27 19:00:02] [INFO] ✅ Disco: 82% usado
[2026-06-27 19:00:03] [INFO] Notificação enviada para grupo Server_notification
[2026-06-27 20:00:01] [INFO] ✅ HTTP respondendo (200)
[2026-06-27 20:00:01] [WARN] ⚠️ WhatsApp: Aguardando leitura de QR Code (acesse /api/qrcode para escanear)
[2026-06-27 20:00:01] [INFO] ✅ Chrome: 446MB (PID 3816214)
[2026-06-27 20:00:01] [INFO] ✅ Disco: 82% usado
[2026-06-27 20:00:02] [INFO] Notificação enviada para grupo Server_notification
[2026-06-27 21:00:01] [INFO] ✅ HTTP respondendo (200)
[2026-06-27 21:00:02] [WARN] ⚠️ WhatsApp: Aguardando leitura de QR Code (acesse /api/qrcode para escanear)
[2026-06-27 21:00:02] [INFO] ✅ Chrome: 464MB (PID 3816214)
[2026-06-27 21:00:02] [INFO] ✅ Disco: 82% usado
[2026-06-27 21:00:03] [INFO] Notificação enviada para grupo Server_notification
[2026-06-27 22:00:02] [INFO] ✅ HTTP respondendo (200)
[2026-06-27 22:00:02] [WARN] ⚠️ WhatsApp: Aguardando leitura de QR Code (acesse /api/qrcode para escanear)
[2026-06-27 22:00:02] [INFO] ✅ Chrome: 467MB (PID 3816214)
[2026-06-27 22:00:02] [INFO] ✅ Disco: 82% usado
[2026-06-27 22:00:03] [INFO] Notificação enviada para grupo Server_notification
[2026-06-27 23:00:01] [INFO] ✅ HTTP respondendo (200)
[2026-06-27 23:00:01] [WARN] ⚠️ WhatsApp: Aguardando leitura de QR Code (acesse /api/qrcode para escanear)
[2026-06-27 23:00:01] [INFO] ✅ Chrome: 452MB (PID 3816214)
[2026-06-27 23:00:01] [INFO] ✅ Disco: 82% usado
[2026-06-27 23:00:02] [INFO] Notificação enviada para grupo Server_notification
